INFO: [VRFC 10-2263] Analyzing Verilog file "D:/Developers_KIT/Zynq702/xilinx-zynq-zc702-linuxapplication/tft/axi_tft_0_example/axi_tft_0_example.srcs/sources_1/ip/clk_wiz_0/clk_wiz_0_clk_wiz.v" into library xil_defaultlib
INFO: [VRFC 10-311] analyzing module clk_wiz_0_clk_wiz
INFO: [VRFC 10-2458] undeclared symbol clk_in1_clk_wiz_0, assumed default net type wire [D:/Developers_KIT/Zynq702/xilinx-zynq-zc702-linuxapplication/tft/axi_tft_0_example/axi_tft_0_example.srcs/sources_1/ip/clk_wiz_0/clk_wiz_0_clk_wiz.v:83]
INFO: [VRFC 10-2458] undeclared symbol clk_out1_clk_wiz_0, assumed default net type wire [D:/Developers_KIT/Zynq702/xilinx-zynq-zc702-linuxapplication/tft/axi_tft_0_example/axi_tft_0_example.srcs/sources_1/ip/clk_wiz_0/clk_wiz_0_clk_wiz.v:138]
INFO: [VRFC 10-2458] undeclared symbol clk_out2_clk_wiz_0, assumed default net type wire [D:/Developers_KIT/Zynq702/xilinx-zynq-zc702-linuxapplication/tft/axi_tft_0_example/axi_tft_0_example.srcs/sources_1/ip/clk_wiz_0/clk_wiz_0_clk_wiz.v:140]
INFO: [VRFC 10-2263] Analyzing Verilog file "D:/Developers_KIT/Zynq702/xilinx-zynq-zc702-linuxapplication/tft/axi_tft_0_example/axi_tft_0_example.srcs/sources_1/ip/clk_wiz_0/clk_wiz_0.v" into library xil_defaultlib
INFO: [VRFC 10-311] analyzing module clk_wiz_0
INFO: [VRFC 10-2263] Analyzing Verilog file "D:/Developers_KIT/Zynq702/xilinx-zynq-zc702-linuxapplication/tft/axi_tft_0_example/axi_tft_0_example.ip_user_files/ip/axi_tft_0/axi_tft_v2_1_11/hdl/src/verilog/axi_tft_v2_1_iic_init.v" into library axi_tft_v2_1_11
INFO: [VRFC 10-311] analyzing module axi_tft_v2_1_10_iic_init
INFO: [VRFC 10-2263] Analyzing Verilog file "D:/Developers_KIT/Zynq702/xilinx-zynq-zc702-linuxapplication/tft/axi_tft_0_example/axi_tft_0_example.ip_user_files/ip/axi_tft_0/axi_tft_v2_1_11/hdl/src/verilog/axi_tft_v2_1_v_sync.v" into library axi_tft_v2_1_11
INFO: [VRFC 10-311] analyzing module axi_tft_v2_1_10_v_sync
INFO: [VRFC 10-2263] Analyzing Verilog file "D:/Developers_KIT/Zynq702/xilinx-zynq-zc702-linuxapplication/tft/axi_tft_0_example/axi_tft_0_example.ip_user_files/ip/axi_tft_0/axi_tft_v2_1_11/hdl/src/verilog/axi_tft_v2_1_tft_interface.v" into library axi_tft_v2_1_11
INFO: [VRFC 10-311] analyzing module axi_tft_v2_1_10_tft_interface
INFO: [VRFC 10-2263] Analyzing Verilog file "D:/Developers_KIT/Zynq702/xilinx-zynq-zc702-linuxapplication/tft/axi_tft_0_example/axi_tft_0_example.ip_user_files/ip/axi_tft_0/axi_tft_v2_1_11/hdl/src/verilog/axi_tft_v2_1_slave_register.v" into library axi_tft_v2_1_11
INFO: [VRFC 10-311] analyzing module axi_tft_v2_1_10_slave_register
INFO: [VRFC 10-2263] Analyzing Verilog file "D:/Developers_KIT/Zynq702/xilinx-zynq-zc702-linuxapplication/tft/axi_tft_0_example/axi_tft_0_example.ip_user_files/ip/axi_tft_0/axi_tft_v2_1_11/hdl/src/verilog/axi_tft_v2_1_line_buffer.v" into library axi_tft_v2_1_11
INFO: [VRFC 10-311] analyzing module axi_tft_v2_1_10_line_buffer
INFO: [VRFC 10-2263] Analyzing Verilog file "D:/Developers_KIT/Zynq702/xilinx-zynq-zc702-linuxapplication/tft/axi_tft_0_example/axi_tft_0_example.ip_user_files/ip/axi_tft_0/axi_tft_v2_1_11/hdl/src/verilog/axi_tft_v2_1_h_sync.v" into library axi_tft_v2_1_11
INFO: [VRFC 10-311] analyzing module axi_tft_v2_1_10_h_sync
INFO: [VRFC 10-2263] Analyzing Verilog file "D:/Developers_KIT/Zynq702/xilinx-zynq-zc702-linuxapplication/tft/axi_tft_0_example/axi_tft_0_example.ip_user_files/ip/axi_tft_0/axi_tft_v2_1_11/hdl/src/verilog/axi_tft_v2_1_tft_controller.v" into library axi_tft_v2_1_11
INFO: [VRFC 10-311] analyzing module axi_tft_v2_1_tft_controller
INFO: [VRFC 10-2263] Analyzing Verilog file "D:/Developers_KIT/Zynq702/xilinx-zynq-zc702-linuxapplication/tft/axi_tft_0_example/axi_tft_0_example.srcs/sources_1/imports/example_design/axi_interface.v" into library xil_defaultlib
INFO: [VRFC 10-311] analyzing module axi_tft_0_axi_slave_intf
INFO: [VRFC 10-2263] Analyzing Verilog file "D:/Developers_KIT/Zynq702/xilinx-zynq-zc702-linuxapplication/tft/axi_tft_0_example/axi_tft_0_example.srcs/sources_1/imports/example_design/clk_gen.v" into library xil_defaultlib
INFO: [VRFC 10-311] analyzing module axi_tft_0_clk_gen
INFO: [VRFC 10-2263] Analyzing Verilog file "D:/Developers_KIT/Zynq702/xilinx-zynq-zc702-linuxapplication/tft/axi_tft_0_example/axi_tft_0_example.srcs/sources_1/imports/example_design/axi_tft_0_exdes.v" into library xil_defaultlib
INFO: [VRFC 10-311] analyzing module axi_tft_0_top
INFO: [VRFC 10-2458] undeclared symbol irpt, assumed default net type wire [D:/Developers_KIT/Zynq702/xilinx-zynq-zc702-linuxapplication/tft/axi_tft_0_example/axi_tft_0_example.srcs/sources_1/imports/example_design/axi_tft_0_exdes.v:163]
INFO: [VRFC 10-2263] Analyzing Verilog file "D:/Developers_KIT/Zynq702/xilinx-zynq-zc702-linuxapplication/tft/axi_tft_0_example/axi_tft_0_example.srcs/sim_1/imports/example_design/tft_checker.v" into library xil_defaultlib
INFO: [VRFC 10-311] analyzing module axi_tft_0_tft_checker
INFO: [VRFC 10-2263] Analyzing Verilog file "D:/Developers_KIT/Zynq702/xilinx-zynq-zc702-linuxapplication/tft/axi_tft_0_example/axi_tft_0_example.srcs/sim_1/imports/example_design/axi_tft_0_exdes_tb.v" into library xil_defaultlib
INFO: [VRFC 10-311] analyzing module axi_tft_0_top_tb
INFO: [VRFC 10-2458] undeclared symbol tft_hsync, assumed default net type wire [D:/Developers_KIT/Zynq702/xilinx-zynq-zc702-linuxapplication/tft/axi_tft_0_example/axi_tft_0_example.srcs/sim_1/imports/example_design/axi_tft_0_exdes_tb.v:79]
INFO: [VRFC 10-2458] undeclared symbol tft_vsync, assumed default net type wire [D:/Developers_KIT/Zynq702/xilinx-zynq-zc702-linuxapplication/tft/axi_tft_0_example/axi_tft_0_example.srcs/sim_1/imports/example_design/axi_tft_0_exdes_tb.v:80]
INFO: [VRFC 10-2458] undeclared symbol tft_de, assumed default net type wire [D:/Developers_KIT/Zynq702/xilinx-zynq-zc702-linuxapplication/tft/axi_tft_0_example/axi_tft_0_example.srcs/sim_1/imports/example_design/axi_tft_0_exdes_tb.v:81]
INFO: [VRFC 10-2458] undeclared symbol tft_dps, assumed default net type wire [D:/Developers_KIT/Zynq702/xilinx-zynq-zc702-linuxapplication/tft/axi_tft_0_example/axi_tft_0_example.srcs/sim_1/imports/example_design/axi_tft_0_exdes_tb.v:82]
INFO: [VRFC 10-2263] Analyzing Verilog file "D:/Developers_KIT/Zynq702/xilinx-zynq-zc702-linuxapplication/tft/axi_tft_0_example/axi_tft_0_example.sim/sim_1/behav/glbl.v" into library xil_defaultlib
INFO: [VRFC 10-311] analyzing module glbl
INFO: [VRFC 10-163] Analyzing VHDL file "D:/Developers_KIT/Zynq702/xilinx-zynq-zc702-linuxapplication/tft/axi_tft_0_example/axi_tft_0_example.ip_user_files/ip/axi_tft_0/axi_lite_ipif_v3_0_3/hdl/src/vhdl/ipif_pkg.vhd" into library axi_lite_ipif_v3_0_3
INFO: [VRFC 10-163] Analyzing VHDL file "D:/Developers_KIT/Zynq702/xilinx-zynq-zc702-linuxapplication/tft/axi_tft_0_example/axi_tft_0_example.ip_user_files/ip/axi_tft_0/axi_lite_ipif_v3_0_3/hdl/src/vhdl/pselect_f.vhd" into library axi_lite_ipif_v3_0_3
INFO: [VRFC 10-307] analyzing entity pselect_f
INFO: [VRFC 10-163] Analyzing VHDL file "D:/Developers_KIT/Zynq702/xilinx-zynq-zc702-linuxapplication/tft/axi_tft_0_example/axi_tft_0_example.ip_user_files/ip/axi_tft_0/axi_lite_ipif_v3_0_3/hdl/src/vhdl/address_decoder.vhd" into library axi_lite_ipif_v3_0_3
INFO: [VRFC 10-307] analyzing entity address_decoder
INFO: [VRFC 10-163] Analyzing VHDL file "D:/Developers_KIT/Zynq702/xilinx-zynq-zc702-linuxapplication/tft/axi_tft_0_example/axi_tft_0_example.ip_user_files/ip/axi_tft_0/axi_lite_ipif_v3_0_3/hdl/src/vhdl/slave_attachment.vhd" into library axi_lite_ipif_v3_0_3
INFO: [VRFC 10-307] analyzing entity slave_attachment
INFO: [VRFC 10-163] Analyzing VHDL file "D:/Developers_KIT/Zynq702/xilinx-zynq-zc702-linuxapplication/tft/axi_tft_0_example/axi_tft_0_example.ip_user_files/ip/axi_tft_0/axi_lite_ipif_v3_0_3/hdl/src/vhdl/axi_lite_ipif.vhd" into library axi_lite_ipif_v3_0_3
INFO: [VRFC 10-307] analyzing entity axi_lite_ipif
INFO: [VRFC 10-163] Analyzing VHDL file "D:/Developers_KIT/Zynq702/xilinx-zynq-zc702-linuxapplication/tft/axi_tft_0_example/axi_tft_0_example.ip_user_files/ip/axi_tft_0/lib_cdc_v1_0_2/hdl/src/vhdl/cdc_sync.vhd" into library lib_cdc_v1_0_2
INFO: [VRFC 10-307] analyzing entity cdc_sync
INFO: [VRFC 10-163] Analyzing VHDL file "D:/Developers_KIT/Zynq702/xilinx-zynq-zc702-linuxapplication/tft/axi_tft_0_example/axi_tft_0_example.ip_user_files/ip/axi_tft_0/lib_pkg_v1_0_2/hdl/src/vhdl/lib_pkg.vhd" into library lib_pkg_v1_0_2
INFO: [VRFC 10-163] Analyzing VHDL file "D:/Developers_KIT/Zynq702/xilinx-zynq-zc702-linuxapplication/tft/axi_tft_0_example/axi_tft_0_example.ip_user_files/ip/axi_tft_0/fifo_generator_v13_0_1/simulation/fifo_generator_vhdl_beh.vhd" into library fifo_generator_v13_0_1
INFO: [VRFC 10-307] analyzing entity fifo_generator_v13_0_1_bhv_as
INFO: [VRFC 10-307] analyzing entity fifo_generator_v13_0_1_bhv_ss
INFO: [VRFC 10-307] analyzing entity fifo_generator_v13_0_1_bhv_preload0
INFO: [VRFC 10-307] analyzing entity fifo_generator_v13_0_1_conv
INFO: [VRFC 10-307] analyzing entity fifo_generator_v13_0_1_axic_reg_slice
INFO: [VRFC 10-307] analyzing entity fifo_generator_vhdl_beh
INFO: [VRFC 10-163] Analyzing VHDL file "D:/Developers_KIT/Zynq702/xilinx-zynq-zc702-linuxapplication/tft/axi_tft_0_example/axi_tft_0_example.ip_user_files/ip/axi_tft_0/fifo_generator_v13_0_1/hdl/fifo_generator_v13_0_rfs.vhd" into library fifo_generator_v13_0_1
INFO: [VRFC 10-307] analyzing entity input_blk
INFO: [VRFC 10-307] analyzing entity output_blk
INFO: [VRFC 10-307] analyzing entity shft_wrapper
INFO: [VRFC 10-307] analyzing entity shft_ram
INFO: [VRFC 10-307] analyzing entity wr_pf_as
INFO: [VRFC 10-307] analyzing entity wr_pf_ss
INFO: [VRFC 10-307] analyzing entity rd_pe_as
INFO: [VRFC 10-307] analyzing entity rd_pe_ss
INFO: [VRFC 10-307] analyzing entity synchronizer_ff
INFO: [VRFC 10-307] analyzing entity delay
INFO: [VRFC 10-307] analyzing entity bin_cntr
INFO: [VRFC 10-307] analyzing entity clk_x_pntrs_builtin
INFO: [VRFC 10-307] analyzing entity logic_builtin
INFO: [VRFC 10-307] analyzing entity builtin_prim
INFO: [VRFC 10-307] analyzing entity builtin_extdepth
INFO: [VRFC 10-307] analyzing entity builtin_top
INFO: [VRFC 10-307] analyzing entity reset_builtin
INFO: [VRFC 10-307] analyzing entity builtin_prim_v6
INFO: [VRFC 10-307] analyzing entity builtin_extdepth_v6
INFO: [VRFC 10-307] analyzing entity builtin_extdepth_low_latency
INFO: [VRFC 10-307] analyzing entity builtin_top_v6
INFO: [VRFC 10-307] analyzing entity fifo_generator_v13_0_1_builtin
INFO: [VRFC 10-307] analyzing entity bram_sync_reg
INFO: [VRFC 10-307] analyzing entity bram_fifo_rstlogic
INFO: [VRFC 10-307] analyzing entity reset_blk_ramfifo
INFO: [VRFC 10-307] analyzing entity axi_reg_slice
INFO: [VRFC 10-307] analyzing entity fifo_generator_top
INFO: [VRFC 10-307] analyzing entity fifo_generator_v13_0_1_synth
INFO: [VRFC 10-307] analyzing entity fifo_generator_v13_0_1
INFO: [VRFC 10-163] Analyzing VHDL file "D:/Developers_KIT/Zynq702/xilinx-zynq-zc702-linuxapplication/tft/axi_tft_0_example/axi_tft_0_example.ip_user_files/ip/axi_tft_0/lib_fifo_v1_0_4/hdl/src/vhdl/async_fifo_fg.vhd" into library lib_fifo_v1_0_4
INFO: [VRFC 10-307] analyzing entity async_fifo_fg
INFO: [VRFC 10-163] Analyzing VHDL file "D:/Developers_KIT/Zynq702/xilinx-zynq-zc702-linuxapplication/tft/axi_tft_0_example/axi_tft_0_example.ip_user_files/ip/axi_tft_0/lib_fifo_v1_0_4/hdl/src/vhdl/sync_fifo_fg.vhd" into library lib_fifo_v1_0_4
INFO: [VRFC 10-307] analyzing entity sync_fifo_fg
INFO: [VRFC 10-163] Analyzing VHDL file "D:/Developers_KIT/Zynq702/xilinx-zynq-zc702-linuxapplication/tft/axi_tft_0_example/axi_tft_0_example.ip_user_files/ip/axi_tft_0/lib_srl_fifo_v1_0_2/hdl/src/vhdl/cntr_incr_decr_addn_f.vhd" into library lib_srl_fifo_v1_0_2
INFO: [VRFC 10-307] analyzing entity cntr_incr_decr_addn_f
INFO: [VRFC 10-163] Analyzing VHDL file "D:/Developers_KIT/Zynq702/xilinx-zynq-zc702-linuxapplication/tft/axi_tft_0_example/axi_tft_0_example.ip_user_files/ip/axi_tft_0/lib_srl_fifo_v1_0_2/hdl/src/vhdl/dynshreg_f.vhd" into library lib_srl_fifo_v1_0_2
INFO: [VRFC 10-307] analyzing entity dynshreg_f
INFO: [VRFC 10-163] Analyzing VHDL file "D:/Developers_KIT/Zynq702/xilinx-zynq-zc702-linuxapplication/tft/axi_tft_0_example/axi_tft_0_example.ip_user_files/ip/axi_tft_0/lib_srl_fifo_v1_0_2/hdl/src/vhdl/srl_fifo_rbu_f.vhd" into library lib_srl_fifo_v1_0_2
INFO: [VRFC 10-307] analyzing entity srl_fifo_rbu_f
INFO: [VRFC 10-163] Analyzing VHDL file "D:/Developers_KIT/Zynq702/xilinx-zynq-zc702-linuxapplication/tft/axi_tft_0_example/axi_tft_0_example.ip_user_files/ip/axi_tft_0/lib_srl_fifo_v1_0_2/hdl/src/vhdl/srl_fifo_f.vhd" into library lib_srl_fifo_v1_0_2
INFO: [VRFC 10-307] analyzing entity srl_fifo_f
INFO: [VRFC 10-163] Analyzing VHDL file "D:/Developers_KIT/Zynq702/xilinx-zynq-zc702-linuxapplication/tft/axi_tft_0_example/axi_tft_0_example.ip_user_files/ip/axi_tft_0/axi_master_burst_v2_0_7/hdl/src/vhdl/axi_master_burst_wr_demux.vhd" into library axi_master_burst_v2_0_7
INFO: [VRFC 10-307] analyzing entity axi_master_burst_wr_demux
INFO: [VRFC 10-163] Analyzing VHDL file "D:/Developers_KIT/Zynq702/xilinx-zynq-zc702-linuxapplication/tft/axi_tft_0_example/axi_tft_0_example.ip_user_files/ip/axi_tft_0/axi_master_burst_v2_0_7/hdl/src/vhdl/axi_master_burst_strb_gen.vhd" into library axi_master_burst_v2_0_7
INFO: [VRFC 10-307] analyzing entity axi_master_burst_strb_gen
INFO: [VRFC 10-163] Analyzing VHDL file "D:/Developers_KIT/Zynq702/xilinx-zynq-zc702-linuxapplication/tft/axi_tft_0_example/axi_tft_0_example.ip_user_files/ip/axi_tft_0/axi_master_burst_v2_0_7/hdl/src/vhdl/axi_master_burst_rdmux.vhd" into library axi_master_burst_v2_0_7
INFO: [VRFC 10-307] analyzing entity axi_master_burst_rdmux
INFO: [VRFC 10-163] Analyzing VHDL file "D:/Developers_KIT/Zynq702/xilinx-zynq-zc702-linuxapplication/tft/axi_tft_0_example/axi_tft_0_example.ip_user_files/ip/axi_tft_0/axi_master_burst_v2_0_7/hdl/src/vhdl/axi_master_burst_fifo.vhd" into library axi_master_burst_v2_0_7
INFO: [VRFC 10-307] analyzing entity axi_master_burst_fifo
INFO: [VRFC 10-163] Analyzing VHDL file "D:/Developers_KIT/Zynq702/xilinx-zynq-zc702-linuxapplication/tft/axi_tft_0_example/axi_tft_0_example.ip_user_files/ip/axi_tft_0/axi_master_burst_v2_0_7/hdl/src/vhdl/axi_master_burst_wr_status_cntl.vhd" into library axi_master_burst_v2_0_7
INFO: [VRFC 10-307] analyzing entity axi_master_burst_wr_status_cntl
INFO: [VRFC 10-163] Analyzing VHDL file "D:/Developers_KIT/Zynq702/xilinx-zynq-zc702-linuxapplication/tft/axi_tft_0_example/axi_tft_0_example.ip_user_files/ip/axi_tft_0/axi_master_burst_v2_0_7/hdl/src/vhdl/axi_master_burst_wrdata_cntl.vhd" into library axi_master_burst_v2_0_7
INFO: [VRFC 10-307] analyzing entity axi_master_burst_wrdata_cntl
INFO: [VRFC 10-163] Analyzing VHDL file "D:/Developers_KIT/Zynq702/xilinx-zynq-zc702-linuxapplication/tft/axi_tft_0_example/axi_tft_0_example.ip_user_files/ip/axi_tft_0/axi_master_burst_v2_0_7/hdl/src/vhdl/axi_master_burst_stbs_set.vhd" into library axi_master_burst_v2_0_7
INFO: [VRFC 10-307] analyzing entity axi_master_burst_stbs_set
INFO: [VRFC 10-163] Analyzing VHDL file "D:/Developers_KIT/Zynq702/xilinx-zynq-zc702-linuxapplication/tft/axi_tft_0_example/axi_tft_0_example.ip_user_files/ip/axi_tft_0/axi_master_burst_v2_0_7/hdl/src/vhdl/axi_master_burst_skid_buf.vhd" into library axi_master_burst_v2_0_7
INFO: [VRFC 10-307] analyzing entity axi_master_burst_skid_buf
INFO: [VRFC 10-163] Analyzing VHDL file "D:/Developers_KIT/Zynq702/xilinx-zynq-zc702-linuxapplication/tft/axi_tft_0_example/axi_tft_0_example.ip_user_files/ip/axi_tft_0/axi_master_burst_v2_0_7/hdl/src/vhdl/axi_master_burst_skid2mm_buf.vhd" into library axi_master_burst_v2_0_7
INFO: [VRFC 10-307] analyzing entity axi_master_burst_skid2mm_buf
INFO: [VRFC 10-163] Analyzing VHDL file "D:/Developers_KIT/Zynq702/xilinx-zynq-zc702-linuxapplication/tft/axi_tft_0_example/axi_tft_0_example.ip_user_files/ip/axi_tft_0/axi_master_burst_v2_0_7/hdl/src/vhdl/axi_master_burst_rd_status_cntl.vhd" into library axi_master_burst_v2_0_7
INFO: [VRFC 10-307] analyzing entity axi_master_burst_rd_status_cntl
INFO: [VRFC 10-163] Analyzing VHDL file "D:/Developers_KIT/Zynq702/xilinx-zynq-zc702-linuxapplication/tft/axi_tft_0_example/axi_tft_0_example.ip_user_files/ip/axi_tft_0/axi_master_burst_v2_0_7/hdl/src/vhdl/axi_master_burst_rddata_cntl.vhd" into library axi_master_burst_v2_0_7
INFO: [VRFC 10-307] analyzing entity axi_master_burst_rddata_cntl
INFO: [VRFC 10-163] Analyzing VHDL file "D:/Developers_KIT/Zynq702/xilinx-zynq-zc702-linuxapplication/tft/axi_tft_0_example/axi_tft_0_example.ip_user_files/ip/axi_tft_0/axi_master_burst_v2_0_7/hdl/src/vhdl/axi_master_burst_pcc.vhd" into library axi_master_burst_v2_0_7
INFO: [VRFC 10-307] analyzing entity axi_master_burst_pcc
INFO: [VRFC 10-163] Analyzing VHDL file "D:/Developers_KIT/Zynq702/xilinx-zynq-zc702-linuxapplication/tft/axi_tft_0_example/axi_tft_0_example.ip_user_files/ip/axi_tft_0/axi_master_burst_v2_0_7/hdl/src/vhdl/axi_master_burst_first_stb_offset.vhd" into library axi_master_burst_v2_0_7
INFO: [VRFC 10-307] analyzing entity axi_master_burst_first_stb_offset
INFO: [VRFC 10-163] Analyzing VHDL file "D:/Developers_KIT/Zynq702/xilinx-zynq-zc702-linuxapplication/tft/axi_tft_0_example/axi_tft_0_example.ip_user_files/ip/axi_tft_0/axi_master_burst_v2_0_7/hdl/src/vhdl/axi_master_burst_addr_cntl.vhd" into library axi_master_burst_v2_0_7
INFO: [VRFC 10-307] analyzing entity axi_master_burst_addr_cntl
INFO: [VRFC 10-163] Analyzing VHDL file "D:/Developers_KIT/Zynq702/xilinx-zynq-zc702-linuxapplication/tft/axi_tft_0_example/axi_tft_0_example.ip_user_files/ip/axi_tft_0/axi_master_burst_v2_0_7/hdl/src/vhdl/axi_master_burst_wr_llink.vhd" into library axi_master_burst_v2_0_7
INFO: [VRFC 10-307] analyzing entity axi_master_burst_wr_llink
INFO: [VRFC 10-163] Analyzing VHDL file "D:/Developers_KIT/Zynq702/xilinx-zynq-zc702-linuxapplication/tft/axi_tft_0_example/axi_tft_0_example.ip_user_files/ip/axi_tft_0/axi_master_burst_v2_0_7/hdl/src/vhdl/axi_master_burst_reset.vhd" into library axi_master_burst_v2_0_7
INFO: [VRFC 10-307] analyzing entity axi_master_burst_reset
INFO: [VRFC 10-163] Analyzing VHDL file "D:/Developers_KIT/Zynq702/xilinx-zynq-zc702-linuxapplication/tft/axi_tft_0_example/axi_tft_0_example.ip_user_files/ip/axi_tft_0/axi_master_burst_v2_0_7/hdl/src/vhdl/axi_master_burst_rd_wr_cntlr.vhd" into library axi_master_burst_v2_0_7
INFO: [VRFC 10-307] analyzing entity axi_master_burst_rd_wr_cntlr
INFO: [VRFC 10-163] Analyzing VHDL file "D:/Developers_KIT/Zynq702/xilinx-zynq-zc702-linuxapplication/tft/axi_tft_0_example/axi_tft_0_example.ip_user_files/ip/axi_tft_0/axi_master_burst_v2_0_7/hdl/src/vhdl/axi_master_burst_rd_llink.vhd" into library axi_master_burst_v2_0_7
INFO: [VRFC 10-307] analyzing entity axi_master_burst_rd_llink
INFO: [VRFC 10-163] Analyzing VHDL file "D:/Developers_KIT/Zynq702/xilinx-zynq-zc702-linuxapplication/tft/axi_tft_0_example/axi_tft_0_example.ip_user_files/ip/axi_tft_0/axi_master_burst_v2_0_7/hdl/src/vhdl/axi_master_burst_cmd_status.vhd" into library axi_master_burst_v2_0_7
INFO: [VRFC 10-307] analyzing entity axi_master_burst_cmd_status
INFO: [VRFC 10-163] Analyzing VHDL file "D:/Developers_KIT/Zynq702/xilinx-zynq-zc702-linuxapplication/tft/axi_tft_0_example/axi_tft_0_example.ip_user_files/ip/axi_tft_0/axi_master_burst_v2_0_7/hdl/src/vhdl/axi_master_burst.vhd" into library axi_master_burst_v2_0_7
INFO: [VRFC 10-307] analyzing entity axi_master_burst
INFO: [VRFC 10-163] Analyzing VHDL file "D:/Developers_KIT/Zynq702/xilinx-zynq-zc702-linuxapplication/tft/axi_tft_0_example/axi_tft_0_example.ip_user_files/ip/axi_tft_0/axi_tft_v2_1_11/hdl/src/vhdl/axi_tft.vhd" into library axi_tft_v2_1_11
INFO: [VRFC 10-307] analyzing entity axi_tft
INFO: [VRFC 10-163] Analyzing VHDL file "D:/Developers_KIT/Zynq702/xilinx-zynq-zc702-linuxapplication/tft/axi_tft_0_example/axi_tft_0_example.ip_user_files/ip/axi_tft_0/sim/axi_tft_0.vhd" into library xil_defaultlib
INFO: [VRFC 10-307] analyzing entity axi_tft_0
