Release 14.6 - platgen Xilinx EDK 14.6 Build EDK_P.68d
 (nt64)
Copyright (c) 1995-2013 Xilinx, Inc.  All rights reserved.

Command Line: platgen -p xc7z020clg484-1 -lang verilog -intstyle ise -lp
D:/Developers_KIT/Zynq702/analogdevicelibrary/cf_lib/ -toplevel no -ti PS_i -msg
__xps/ise/xmsgprops.lst PS.mhs 

WARNING:EDK - INFO:Security:71 - If a license for part 'xc7z020' is available,
   it will be possible to use 'XPS_TDP' instead of 'XPS'.
   WARNING:Security:42 - Your software subscription period has lapsed. Your
   current version of Xilinx tools will continue to function, but you no longer
   qualify for Xilinx software updates or new releases.


Parse D:/Developers_KIT/Zynq702/PMOD_AUDIO_PSIIC_ISE/PS/PS.mhs ...

Read MPD definitions ...
WARNING:EDK:4092 - IPNAME: processing_system7, INSTANCE: processing_system7_0 -
   Pre-Production version not verified on hardware for architecture 'zynq' -
   D:\Developers_KIT\Zynq702\PMOD_AUDIO_PSIIC_ISE\PS\PS.mhs line 37 
WARNING:EDK:4092 - IPNAME: processing_system7, INSTANCE: processing_system7_0 -
   Pre-Production version not verified on hardware for architecture 'zynq' -
   D:\Developers_KIT\Zynq702\PMOD_AUDIO_PSIIC_ISE\PS\PS.mhs line 37 

Overriding IP level properties ...
INFO:EDK:4130 - IPNAME: processing_system7, INSTANCE:processing_system7_0 - tcl
   is overriding PARAMETER C_NUM_F2P_INTR_INPUTS value to 1 -
   C:\Xilinx\14.6\ISE_DS\EDK\hw\XilinxProcessorIPLib\pcores\processing_system7_v
   4_03_a\data\processing_system7_v2_1_0.mpd line 319 
INFO:EDK:4130 - IPNAME: axi_interconnect, INSTANCE:axi_interconnect_1 - tcl is
   overriding PARAMETER C_BASEFAMILY value to zynq -
   C:\Xilinx\14.6\ISE_DS\EDK\hw\XilinxProcessorIPLib\pcores\axi_interconnect_v1_
   06_a\data\axi_interconnect_v2_1_0.mpd line 81 

Computing clock values...
INFO:EDK:1432 - Frequency for Top-Level Input Clock
   'processing_system7_0_PS_CLK_pin' is not specified. Clock DRCs will not be
   performed for IPs connected to that clock port, unless they are connected
   through the clock generator IP. 

INFO:EDK:1432 - Frequency for Top-Level Input Clock
   'axi_i2s_adi_0_DATA_CLK_I_pin' is not specified. Clock DRCs will not be
   performed for IPs connected to that clock port, unless they are connected
   through the clock generator IP. 


Performing IP level DRCs on properties...

Running DRC Tcl procedures for OPTION IPLEVEL_DRC_PROC...
INFO:EDK - INFO: DDR Base and High address in current configuration is
   0x00000000 and 0x3FFFFFFF respectively. 
INFO:EDK - INFO: You can modify the DDR address range accessed by Programmable
   Logic through the processing_system7 AXI slave interfaces. If MicroBlaze is a
   master on processing_system7 AXI slave interfaces, please use the top half of
   the address range (Base Address = 0x20000000; High Address = 0x3FFFFFFF). For
   all other master, any subset of the DDR address can be used. See Xilinx
   Answer 47167 for more information. 
Address Map for Processor processing_system7_0
  (0x77600000-0x7760ffff) axi_i2s_adi_0	axi_interconnect_1

Checking platform address map ...

Checking platform configuration ...
IPNAME: axi_interconnect, INSTANCE: axi_interconnect_1 - 1 master(s) : 1
slave(s) 

Checking port drivers...

Performing Clock DRCs...

Performing Reset DRCs...

Overriding system level properties...
INFO:EDK:4130 - IPNAME: processing_system7, INSTANCE:processing_system7_0 - tcl
   is overriding PARAMETER C_FCLK_CLK1_BUF value to FALSE -
   C:\Xilinx\14.6\ISE_DS\EDK\hw\XilinxProcessorIPLib\pcores\processing_system7_v
   4_03_a\data\processing_system7_v2_1_0.mpd line 351 
INFO:EDK:4130 - IPNAME: processing_system7, INSTANCE:processing_system7_0 - tcl
   is overriding PARAMETER C_FCLK_CLK2_BUF value to FALSE -
   C:\Xilinx\14.6\ISE_DS\EDK\hw\XilinxProcessorIPLib\pcores\processing_system7_v
   4_03_a\data\processing_system7_v2_1_0.mpd line 352 
INFO:EDK:4130 - IPNAME: processing_system7, INSTANCE:processing_system7_0 - tcl
   is overriding PARAMETER C_FCLK_CLK3_BUF value to FALSE -
   C:\Xilinx\14.6\ISE_DS\EDK\hw\XilinxProcessorIPLib\pcores\processing_system7_v
   4_03_a\data\processing_system7_v2_1_0.mpd line 353 

INFO: Setting C_RANGE_CHECK = ON for axi_interconnect axi_interconnect_1.
INFO:EDK:4130 - IPNAME: axi_interconnect, INSTANCE:axi_interconnect_1 - tcl is
   overriding PARAMETER C_RANGE_CHECK value to 1 -
   C:\Xilinx\14.6\ISE_DS\EDK\hw\XilinxProcessorIPLib\pcores\axi_interconnect_v1_
   06_a\data\axi_interconnect_v2_1_0.mpd line 149 

Running system level update procedures...

Running UPDATE Tcl procedures for OPTION SYSLEVEL_UPDATE_PROC...

Running system level DRCs...

Performing System level DRCs on properties...

Running DRC Tcl procedures for OPTION SYSLEVEL_DRC_PROC...

Running UPDATE Tcl procedures for OPTION PLATGEN_SYSLEVEL_UPDATE_PROC...
INFO: No asynchronous clock conversions in axi_interconnect axi_interconnect_1.

Modify defaults ...

Creating stub ...

Processing licensed instances ...
Completion time: 0.00 seconds

Creating hardware output directories ...

Managing hardware (BBD-specified) netlist files ...

Managing cache ...
IPNAME:processing_system7 INSTANCE:processing_system7_0 -
D:\Developers_KIT\Zynq702\PMOD_AUDIO_PSIIC_ISE\PS\PS.mhs line 37 - Copying cache
implementation netlist
IPNAME:axi_i2s_adi INSTANCE:axi_i2s_adi_0 -
D:\Developers_KIT\Zynq702\PMOD_AUDIO_PSIIC_ISE\PS\PS.mhs line 149 - Copying
cache implementation netlist
IPNAME:axi_interconnect INSTANCE:axi_interconnect_1 -
D:\Developers_KIT\Zynq702\PMOD_AUDIO_PSIIC_ISE\PS\PS.mhs line 182 - Copying
cache implementation netlist

Elaborating instances ...

Writing HDL for elaborated instances ...

Inserting wrapper level ...
Completion time: 0.00 seconds

Constructing platform-level connectivity ...
Completion time: 0.00 seconds

Writing (top-level) BMM ...

Writing (top-level and wrappers) HDL ...

Generating synthesis project file ...

Running XST synthesis ...

INFO:EDK:4211 - The following instances are synthesized with XST. The MPD option
   IMP_NETLIST=TRUE indicates that a NGC file is to be produced using XST
   synthesis. IMP_NETLIST=FALSE (default) instances are not synthesized. 
INSTANCE:axi_i2s_adi_0 -
D:\Developers_KIT\Zynq702\PMOD_AUDIO_PSIIC_ISE\PS\PS.mhs line 149 - Running XST
synthesis

Running NGCBUILD ...
INFO:EDK:3509 - NCF files should not be modified as they will be regenerated.
   If any constraint needs to be overridden, this should be done by modifying
   the data/PS.ucf file.

Rebuilding cache ...

Total run time: 18.00 seconds
