=====================
Opened log file
=====================
Created pcores directory
=====================
Opened log file
=====================
Xilinx Platform Studio (XPS)
Xilinx EDK 14.6 Build EDK_P.68d

Xilinx EDK 14.6 Build EDK_P.68d

Copied C:/Xilinx/14.6/ISE_DS/EDK/data/xflow/bitgen_zynq.ut to etc directory
Copied file C:/Xilinx/14.6/ISE_DS/EDK/data/xflow/fast_runtime_zynq.opt to etc
directory

Overriding IP level properties ...

Computing clock values...

Performing IP level DRCs on properties...

Running DRC Tcl procedures for OPTION IPLEVEL_DRC_PROC...

Checking platform address map ...
Created backup of etc/bitgen.ut to etc/bitgen.ut.virtex5
Copied C:/Xilinx/14.6/ISE_DS/EDK/data/xflow/bitgen_zynq.ut to etc directory
Created backup of etc/fast_runtime.opt to etc/fast_runtime.opt.virtex5
Copied file C:/Xilinx/14.6/ISE_DS/EDK/data/xflow/fast_runtime_zynq.opt to etc
directory
No changes to be saved in MHS file
Saved project XMP file
Saved Make file
Xilinx Platform Studio (XPS)
Xilinx EDK 14.6 Build EDK_P.68d
Copyright (c) 1995-2012 Xilinx, Inc.  All rights reserved.

Assigned Driver generic 1.00.a for instance processing_system7_0
processing_system7_0 has been added to the project
INFO:EDK:3901 - please connect bus interface, set up port and generate address manually
Writing filter settings....
Done writing filter settings to:
	D:\Developers_KIT\Zynq702\PMOD_AUDIO_PSIIC_ISE\PS\etc\PS.filters
Done writing Tab View settings to:
	D:\Developers_KIT\Zynq702\PMOD_AUDIO_PSIIC_ISE\PS\etc\PS.gui
WARNING:EDK:4092 - IPNAME: processing_system7, INSTANCE: processing_system7_0 - Pre-Production version not verified on hardware for architecture 'zynq' - D:\Developers_KIT\Zynq702\PMOD_AUDIO_PSIIC_ISE\PS\_xps_tempmhsfilename.mhs line 28 
Writing filter settings....
Done writing filter settings to:
	D:\Developers_KIT\Zynq702\PMOD_AUDIO_PSIIC_ISE\PS\etc\PS.filters
Done writing Tab View settings to:
	D:\Developers_KIT\Zynq702\PMOD_AUDIO_PSIIC_ISE\PS\etc\PS.gui
Assigned Driver generic 1.00.a for instance axi_i2s_adi_0
axi_i2s_adi_0 has been added to the project
WARNING:EDK:2137 - Peripheral axi_i2s_adi_0 is not accessible from any processor in the system. Check Bus Interface connections and address parameters. 
Assigned Driver generic 1.00.a for instance axi_interconnect_1
Address Map for Processor processing_system7_0
Address Map for Processor processing_system7_0
  (0x77600000-0x7760ffff) axi_i2s_adi_0	axi_interconnect_1
INFO:EDK - Do connection by refering to bus interface of a processing_system7_0 in design
INFO:EDK - Create new axi_interconnect IP instance axi_interconnect_1
INFO:EDK - Connect clock port M_AXI_GP0_ACLK to processing_system7_0_FCLK_CLK0
INFO:EDK - Connect bus interface S_AXI to axi_interconnect_1
INFO:EDK - Connect clock port S_AXI_ACLK to processing_system7_0_FCLK_CLK0
INFO:EDK - Successfully did connection by refering to M_AXI_GP0 bus interface in processing_system7_0
INFO:EDK - External IO port grouping doneINFO:EDK - Generate address successfully
INFO:EDK - Successfully finished auto bus connection for IP instance: axi_i2s_adi_0
Writing filter settings....
Done writing filter settings to:
	D:\Developers_KIT\Zynq702\PMOD_AUDIO_PSIIC_ISE\PS\etc\PS.filters
Done writing Tab View settings to:
	D:\Developers_KIT\Zynq702\PMOD_AUDIO_PSIIC_ISE\PS\etc\PS.gui
Xilinx Platform Studio (XPS)
Xilinx EDK 14.6 Build EDK_P.68d
Copyright (c) 1995-2012 Xilinx, Inc.  All rights reserved.

Writing filter settings....
Done writing filter settings to:
	D:\Developers_KIT\Zynq702\PMOD_AUDIO_PSIIC_ISE\PS\etc\PS.filters
Done writing Tab View settings to:
	D:\Developers_KIT\Zynq702\PMOD_AUDIO_PSIIC_ISE\PS\etc\PS.gui
=====================
Opened log file
=====================
=====================
Opened log file
=====================
Xilinx Platform Studio (XPS)
Xilinx EDK 14.6 Build EDK_P.68d

Xilinx EDK 14.6 Build EDK_P.68d

WARNING:EDK - IPNAME: processing_system7, INSTANCE: processing_system7_0 -
   Pre-Production version not verified on hardware for architecture 'zynq' -
   D:\Developers_KIT\Zynq702\PMOD_AUDIO_PSIIC_ISE\PS\PS.mhs line 35 
WARNING:EDK - IPNAME: processing_system7, INSTANCE: processing_system7_0 -
   Pre-Production version not verified on hardware for architecture 'zynq' -
   D:\Developers_KIT\Zynq702\PMOD_AUDIO_PSIIC_ISE\PS\PS.mhs line 35 

Overriding IP level properties ...
INFO:EDK - IPNAME: processing_system7, INSTANCE:processing_system7_0 - tcl is
   overriding PARAMETER C_NUM_F2P_INTR_INPUTS value to 1 -
   C:\Xilinx\14.6\ISE_DS\EDK\hw\XilinxProcessorIPLib\pcores\processing_system7_v
   4_03_a\data\processing_system7_v2_1_0.mpd line 319 
INFO:EDK - IPNAME: axi_interconnect, INSTANCE:axi_interconnect_1 - tcl is
   overriding PARAMETER C_BASEFAMILY value to zynq -
   C:\Xilinx\14.6\ISE_DS\EDK\hw\XilinxProcessorIPLib\pcores\axi_interconnect_v1_
   06_a\data\axi_interconnect_v2_1_0.mpd line 81 

Computing clock values...
INFO:EDK - Frequency for Top-Level Input Clock 'processing_system7_0_PS_CLK_pin'
   is not specified. Clock DRCs will not be performed for IPs connected to that
   clock port, unless they are connected through the clock generator IP. 

INFO:EDK - Frequency for Top-Level Input Clock 'axi_i2s_adi_0_DATA_CLK_I_pin' is
   not specified. Clock DRCs will not be performed for IPs connected to that
   clock port, unless they are connected through the clock generator IP. 


Performing IP level DRCs on properties...

Running DRC Tcl procedures for OPTION IPLEVEL_DRC_PROC...
INFO:EDK - INFO: DDR Base and High address in current configuration is
   0x00000000 and 0x3FFFFFFF respectively. 
INFO:EDK - INFO: You can modify the DDR address range accessed by Programmable
   Logic through the processing_system7 AXI slave interfaces. If MicroBlaze is a
   master on processing_system7 AXI slave interfaces, please use the top half of
   the address range (Base Address = 0x20000000; High Address = 0x3FFFFFFF). For
   all other master, any subset of the DDR address can be used. See Xilinx
   Answer 47167 for more information. 
Address Map for Processor processing_system7_0
  (0x77600000-0x7760ffff) axi_i2s_adi_0	axi_interconnect_1

Checking platform address map ...

Overriding IP level properties ...
INFO:EDK - IPNAME: processing_system7, INSTANCE:processing_system7_0 - tcl is
   overriding PARAMETER C_NUM_F2P_INTR_INPUTS value to 1 -
   C:\Xilinx\14.6\ISE_DS\EDK\hw\XilinxProcessorIPLib\pcores\processing_system7_v
   4_03_a\data\processing_system7_v2_1_0.mpd line 319 
INFO:EDK - IPNAME: axi_interconnect, INSTANCE:axi_interconnect_1 - tcl is
   overriding PARAMETER C_BASEFAMILY value to zynq -
   C:\Xilinx\14.6\ISE_DS\EDK\hw\XilinxProcessorIPLib\pcores\axi_interconnect_v1_
   06_a\data\axi_interconnect_v2_1_0.mpd line 81 

Computing clock values...
INFO:EDK - Frequency for Top-Level Input Clock 'processing_system7_0_PS_CLK_pin'
   is not specified. Clock DRCs will not be performed for IPs connected to that
   clock port, unless they are connected through the clock generator IP. 

INFO:EDK - Frequency for Top-Level Input Clock 'axi_i2s_adi_0_DATA_CLK_I_pin' is
   not specified. Clock DRCs will not be performed for IPs connected to that
   clock port, unless they are connected through the clock generator IP. 


Performing IP level DRCs on properties...

Running DRC Tcl procedures for OPTION IPLEVEL_DRC_PROC...
INFO:EDK - INFO: DDR Base and High address in current configuration is
   0x00000000 and 0x3FFFFFFF respectively. 
INFO:EDK - INFO: You can modify the DDR address range accessed by Programmable
   Logic through the processing_system7 AXI slave interfaces. If MicroBlaze is a
   master on processing_system7 AXI slave interfaces, please use the top half of
   the address range (Base Address = 0x20000000; High Address = 0x3FFFFFFF). For
   all other master, any subset of the DDR address can be used. See Xilinx
   Answer 47167 for more information. 
Address Map for Processor processing_system7_0
  (0x77600000-0x7760ffff) axi_i2s_adi_0	axi_interconnect_1

Checking platform address map ...
Xilinx Platform Studio (XPS)
Xilinx EDK 14.6 Build EDK_P.68d
Copyright (c) 1995-2012 Xilinx, Inc.  All rights reserved.

Writing filter settings....
Done writing filter settings to:
	D:\Developers_KIT\Zynq702\PMOD_AUDIO_PSIIC_ISE\PS\etc\PS.filters
Done writing Tab View settings to:
	D:\Developers_KIT\Zynq702\PMOD_AUDIO_PSIIC_ISE\PS\etc\PS.gui
=====================
Opened log file
=====================
=====================
Opened log file
=====================
Xilinx Platform Studio (XPS)
Xilinx EDK 14.6 Build EDK_P.68d

Xilinx EDK 14.6 Build EDK_P.68d

WARNING:EDK - IPNAME: processing_system7, INSTANCE: processing_system7_0 -
   Pre-Production version not verified on hardware for architecture 'zynq' -
   D:\Developers_KIT\Zynq702\PMOD_AUDIO_PSIIC_ISE\PS\PS.mhs line 35 
WARNING:EDK - IPNAME: processing_system7, INSTANCE: processing_system7_0 -
   Pre-Production version not verified on hardware for architecture 'zynq' -
   D:\Developers_KIT\Zynq702\PMOD_AUDIO_PSIIC_ISE\PS\PS.mhs line 35 

Overriding IP level properties ...
INFO:EDK - IPNAME: processing_system7, INSTANCE:processing_system7_0 - tcl is
   overriding PARAMETER C_NUM_F2P_INTR_INPUTS value to 1 -
   C:\Xilinx\14.6\ISE_DS\EDK\hw\XilinxProcessorIPLib\pcores\processing_system7_v
   4_03_a\data\processing_system7_v2_1_0.mpd line 319 
INFO:EDK - IPNAME: axi_interconnect, INSTANCE:axi_interconnect_1 - tcl is
   overriding PARAMETER C_BASEFAMILY value to zynq -
   C:\Xilinx\14.6\ISE_DS\EDK\hw\XilinxProcessorIPLib\pcores\axi_interconnect_v1_
   06_a\data\axi_interconnect_v2_1_0.mpd line 81 

Computing clock values...
INFO:EDK - Frequency for Top-Level Input Clock 'processing_system7_0_PS_CLK_pin'
   is not specified. Clock DRCs will not be performed for IPs connected to that
   clock port, unless they are connected through the clock generator IP. 

INFO:EDK - Frequency for Top-Level Input Clock 'axi_i2s_adi_0_DATA_CLK_I_pin' is
   not specified. Clock DRCs will not be performed for IPs connected to that
   clock port, unless they are connected through the clock generator IP. 


Performing IP level DRCs on properties...

Running DRC Tcl procedures for OPTION IPLEVEL_DRC_PROC...
INFO:EDK - INFO: DDR Base and High address in current configuration is
   0x00000000 and 0x3FFFFFFF respectively. 
INFO:EDK - INFO: You can modify the DDR address range accessed by Programmable
   Logic through the processing_system7 AXI slave interfaces. If MicroBlaze is a
   master on processing_system7 AXI slave interfaces, please use the top half of
   the address range (Base Address = 0x20000000; High Address = 0x3FFFFFFF). For
   all other master, any subset of the DDR address can be used. See Xilinx
   Answer 47167 for more information. 
Address Map for Processor processing_system7_0
  (0x77600000-0x7760ffff) axi_i2s_adi_0	axi_interconnect_1

Checking platform address map ...

Overriding IP level properties ...
INFO:EDK - IPNAME: processing_system7, INSTANCE:processing_system7_0 - tcl is
   overriding PARAMETER C_NUM_F2P_INTR_INPUTS value to 1 -
   C:\Xilinx\14.6\ISE_DS\EDK\hw\XilinxProcessorIPLib\pcores\processing_system7_v
   4_03_a\data\processing_system7_v2_1_0.mpd line 319 
INFO:EDK - IPNAME: axi_interconnect, INSTANCE:axi_interconnect_1 - tcl is
   overriding PARAMETER C_BASEFAMILY value to zynq -
   C:\Xilinx\14.6\ISE_DS\EDK\hw\XilinxProcessorIPLib\pcores\axi_interconnect_v1_
   06_a\data\axi_interconnect_v2_1_0.mpd line 81 

Computing clock values...
INFO:EDK - Frequency for Top-Level Input Clock 'processing_system7_0_PS_CLK_pin'
   is not specified. Clock DRCs will not be performed for IPs connected to that
   clock port, unless they are connected through the clock generator IP. 

INFO:EDK - Frequency for Top-Level Input Clock 'axi_i2s_adi_0_DATA_CLK_I_pin' is
   not specified. Clock DRCs will not be performed for IPs connected to that
   clock port, unless they are connected through the clock generator IP. 


Performing IP level DRCs on properties...

Running DRC Tcl procedures for OPTION IPLEVEL_DRC_PROC...
INFO:EDK - INFO: DDR Base and High address in current configuration is
   0x00000000 and 0x3FFFFFFF respectively. 
INFO:EDK - INFO: You can modify the DDR address range accessed by Programmable
   Logic through the processing_system7 AXI slave interfaces. If MicroBlaze is a
   master on processing_system7 AXI slave interfaces, please use the top half of
   the address range (Base Address = 0x20000000; High Address = 0x3FFFFFFF). For
   all other master, any subset of the DDR address can be used. See Xilinx
   Answer 47167 for more information. 
Address Map for Processor processing_system7_0
  (0x77600000-0x7760ffff) axi_i2s_adi_0	axi_interconnect_1

Checking platform address map ...
=====================
Opened log file
=====================
=====================
Opened log file
=====================
Xilinx Platform Studio (XPS)
Xilinx EDK 14.6 Build EDK_P.68d

Xilinx EDK 14.6 Build EDK_P.68d

WARNING:EDK - IPNAME: processing_system7, INSTANCE: processing_system7_0 -
   Pre-Production version not verified on hardware for architecture 'zynq' -
   D:\Developers_KIT\Zynq702\PMOD_AUDIO_PSIIC_ISE\PS\PS.mhs line 35 
WARNING:EDK - IPNAME: processing_system7, INSTANCE: processing_system7_0 -
   Pre-Production version not verified on hardware for architecture 'zynq' -
   D:\Developers_KIT\Zynq702\PMOD_AUDIO_PSIIC_ISE\PS\PS.mhs line 35 

Overriding IP level properties ...
INFO:EDK - IPNAME: processing_system7, INSTANCE:processing_system7_0 - tcl is
   overriding PARAMETER C_NUM_F2P_INTR_INPUTS value to 1 -
   C:\Xilinx\14.6\ISE_DS\EDK\hw\XilinxProcessorIPLib\pcores\processing_system7_v
   4_03_a\data\processing_system7_v2_1_0.mpd line 319 
INFO:EDK - IPNAME: axi_interconnect, INSTANCE:axi_interconnect_1 - tcl is
   overriding PARAMETER C_BASEFAMILY value to zynq -
   C:\Xilinx\14.6\ISE_DS\EDK\hw\XilinxProcessorIPLib\pcores\axi_interconnect_v1_
   06_a\data\axi_interconnect_v2_1_0.mpd line 81 

Computing clock values...
INFO:EDK - Frequency for Top-Level Input Clock 'processing_system7_0_PS_CLK_pin'
   is not specified. Clock DRCs will not be performed for IPs connected to that
   clock port, unless they are connected through the clock generator IP. 

INFO:EDK - Frequency for Top-Level Input Clock 'axi_i2s_adi_0_DATA_CLK_I_pin' is
   not specified. Clock DRCs will not be performed for IPs connected to that
   clock port, unless they are connected through the clock generator IP. 


Performing IP level DRCs on properties...

Running DRC Tcl procedures for OPTION IPLEVEL_DRC_PROC...
INFO:EDK - INFO: DDR Base and High address in current configuration is
   0x00000000 and 0x3FFFFFFF respectively. 
INFO:EDK - INFO: You can modify the DDR address range accessed by Programmable
   Logic through the processing_system7 AXI slave interfaces. If MicroBlaze is a
   master on processing_system7 AXI slave interfaces, please use the top half of
   the address range (Base Address = 0x20000000; High Address = 0x3FFFFFFF). For
   all other master, any subset of the DDR address can be used. See Xilinx
   Answer 47167 for more information. 
Address Map for Processor processing_system7_0
  (0x77600000-0x7760ffff) axi_i2s_adi_0	axi_interconnect_1

Checking platform address map ...

Overriding IP level properties ...
INFO:EDK - IPNAME: processing_system7, INSTANCE:processing_system7_0 - tcl is
   overriding PARAMETER C_NUM_F2P_INTR_INPUTS value to 1 -
   C:\Xilinx\14.6\ISE_DS\EDK\hw\XilinxProcessorIPLib\pcores\processing_system7_v
   4_03_a\data\processing_system7_v2_1_0.mpd line 319 
INFO:EDK - IPNAME: axi_interconnect, INSTANCE:axi_interconnect_1 - tcl is
   overriding PARAMETER C_BASEFAMILY value to zynq -
   C:\Xilinx\14.6\ISE_DS\EDK\hw\XilinxProcessorIPLib\pcores\axi_interconnect_v1_
   06_a\data\axi_interconnect_v2_1_0.mpd line 81 

Computing clock values...
INFO:EDK - Frequency for Top-Level Input Clock 'processing_system7_0_PS_CLK_pin'
   is not specified. Clock DRCs will not be performed for IPs connected to that
   clock port, unless they are connected through the clock generator IP. 

INFO:EDK - Frequency for Top-Level Input Clock 'axi_i2s_adi_0_DATA_CLK_I_pin' is
   not specified. Clock DRCs will not be performed for IPs connected to that
   clock port, unless they are connected through the clock generator IP. 


Performing IP level DRCs on properties...

Running DRC Tcl procedures for OPTION IPLEVEL_DRC_PROC...
INFO:EDK - INFO: DDR Base and High address in current configuration is
   0x00000000 and 0x3FFFFFFF respectively. 
INFO:EDK - INFO: You can modify the DDR address range accessed by Programmable
   Logic through the processing_system7 AXI slave interfaces. If MicroBlaze is a
   master on processing_system7 AXI slave interfaces, please use the top half of
   the address range (Base Address = 0x20000000; High Address = 0x3FFFFFFF). For
   all other master, any subset of the DDR address can be used. See Xilinx
   Answer 47167 for more information. 
Address Map for Processor processing_system7_0
  (0x77600000-0x7760ffff) axi_i2s_adi_0	axi_interconnect_1

Checking platform address map ...
Xilinx Platform Studio (XPS)
Xilinx EDK 14.6 Build EDK_P.68d
Copyright (c) 1995-2012 Xilinx, Inc.  All rights reserved.

Make instance processing_system7_0 port I2C1_SDA external with net as port name
Instance processing_system7_0 port I2C1_SDA connector undefined, using processing_system7_0_I2C1_SDA
Make instance processing_system7_0 port I2C1_SCL external with net as port name
Instance processing_system7_0 port I2C1_SCL connector undefined, using processing_system7_0_I2C1_SCL
Writing filter settings....
Done writing filter settings to:
	D:\Developers_KIT\Zynq702\PMOD_AUDIO_PSIIC_ISE\PS\etc\PS.filters
Done writing Tab View settings to:
	D:\Developers_KIT\Zynq702\PMOD_AUDIO_PSIIC_ISE\PS\etc\PS.gui
=====================
Opened log file
=====================
=====================
Opened log file
=====================
Xilinx Platform Studio (XPS)
Xilinx EDK 14.6 Build EDK_P.68d

Xilinx EDK 14.6 Build EDK_P.68d

WARNING:EDK - IPNAME: processing_system7, INSTANCE: processing_system7_0 -
   Pre-Production version not verified on hardware for architecture 'zynq' -
   D:\Developers_KIT\Zynq702\PMOD_AUDIO_PSIIC_ISE\PS\PS.mhs line 37 
WARNING:EDK - IPNAME: processing_system7, INSTANCE: processing_system7_0 -
   Pre-Production version not verified on hardware for architecture 'zynq' -
   D:\Developers_KIT\Zynq702\PMOD_AUDIO_PSIIC_ISE\PS\PS.mhs line 37 

Overriding IP level properties ...
INFO:EDK - IPNAME: processing_system7, INSTANCE:processing_system7_0 - tcl is
   overriding PARAMETER C_NUM_F2P_INTR_INPUTS value to 1 -
   C:\Xilinx\14.6\ISE_DS\EDK\hw\XilinxProcessorIPLib\pcores\processing_system7_v
   4_03_a\data\processing_system7_v2_1_0.mpd line 319 
INFO:EDK - IPNAME: axi_interconnect, INSTANCE:axi_interconnect_1 - tcl is
   overriding PARAMETER C_BASEFAMILY value to zynq -
   C:\Xilinx\14.6\ISE_DS\EDK\hw\XilinxProcessorIPLib\pcores\axi_interconnect_v1_
   06_a\data\axi_interconnect_v2_1_0.mpd line 81 

Computing clock values...
INFO:EDK - Frequency for Top-Level Input Clock 'processing_system7_0_PS_CLK_pin'
   is not specified. Clock DRCs will not be performed for IPs connected to that
   clock port, unless they are connected through the clock generator IP. 

INFO:EDK - Frequency for Top-Level Input Clock 'axi_i2s_adi_0_DATA_CLK_I_pin' is
   not specified. Clock DRCs will not be performed for IPs connected to that
   clock port, unless they are connected through the clock generator IP. 


Performing IP level DRCs on properties...

Running DRC Tcl procedures for OPTION IPLEVEL_DRC_PROC...
INFO:EDK - INFO: DDR Base and High address in current configuration is
   0x00000000 and 0x3FFFFFFF respectively. 
INFO:EDK - INFO: You can modify the DDR address range accessed by Programmable
   Logic through the processing_system7 AXI slave interfaces. If MicroBlaze is a
   master on processing_system7 AXI slave interfaces, please use the top half of
   the address range (Base Address = 0x20000000; High Address = 0x3FFFFFFF). For
   all other master, any subset of the DDR address can be used. See Xilinx
   Answer 47167 for more information. 
Address Map for Processor processing_system7_0
  (0x77600000-0x7760ffff) axi_i2s_adi_0	axi_interconnect_1

Checking platform address map ...

Overriding IP level properties ...
INFO:EDK - IPNAME: processing_system7, INSTANCE:processing_system7_0 - tcl is
   overriding PARAMETER C_NUM_F2P_INTR_INPUTS value to 1 -
   C:\Xilinx\14.6\ISE_DS\EDK\hw\XilinxProcessorIPLib\pcores\processing_system7_v
   4_03_a\data\processing_system7_v2_1_0.mpd line 319 
INFO:EDK - IPNAME: axi_interconnect, INSTANCE:axi_interconnect_1 - tcl is
   overriding PARAMETER C_BASEFAMILY value to zynq -
   C:\Xilinx\14.6\ISE_DS\EDK\hw\XilinxProcessorIPLib\pcores\axi_interconnect_v1_
   06_a\data\axi_interconnect_v2_1_0.mpd line 81 

Computing clock values...
INFO:EDK - Frequency for Top-Level Input Clock 'processing_system7_0_PS_CLK_pin'
   is not specified. Clock DRCs will not be performed for IPs connected to that
   clock port, unless they are connected through the clock generator IP. 

INFO:EDK - Frequency for Top-Level Input Clock 'axi_i2s_adi_0_DATA_CLK_I_pin' is
   not specified. Clock DRCs will not be performed for IPs connected to that
   clock port, unless they are connected through the clock generator IP. 


Performing IP level DRCs on properties...

Running DRC Tcl procedures for OPTION IPLEVEL_DRC_PROC...
INFO:EDK - INFO: DDR Base and High address in current configuration is
   0x00000000 and 0x3FFFFFFF respectively. 
INFO:EDK - INFO: You can modify the DDR address range accessed by Programmable
   Logic through the processing_system7 AXI slave interfaces. If MicroBlaze is a
   master on processing_system7 AXI slave interfaces, please use the top half of
   the address range (Base Address = 0x20000000; High Address = 0x3FFFFFFF). For
   all other master, any subset of the DDR address can be used. See Xilinx
   Answer 47167 for more information. 
Address Map for Processor processing_system7_0
  (0x77600000-0x7760ffff) axi_i2s_adi_0	axi_interconnect_1

Checking platform address map ...
=====================
Opened log file
=====================
=====================
Opened log file
=====================
Xilinx Platform Studio (XPS)
Xilinx EDK 14.6 Build EDK_P.68d

Xilinx EDK 14.6 Build EDK_P.68d

WARNING:EDK - IPNAME: processing_system7, INSTANCE: processing_system7_0 -
   Pre-Production version not verified on hardware for architecture 'zynq' -
   D:\Developers_KIT\Zynq702\PMOD_AUDIO_PSIIC_ISE\PS\PS.mhs line 37 
WARNING:EDK - IPNAME: processing_system7, INSTANCE: processing_system7_0 -
   Pre-Production version not verified on hardware for architecture 'zynq' -
   D:\Developers_KIT\Zynq702\PMOD_AUDIO_PSIIC_ISE\PS\PS.mhs line 37 

Overriding IP level properties ...
INFO:EDK - IPNAME: processing_system7, INSTANCE:processing_system7_0 - tcl is
   overriding PARAMETER C_NUM_F2P_INTR_INPUTS value to 1 -
   C:\Xilinx\14.6\ISE_DS\EDK\hw\XilinxProcessorIPLib\pcores\processing_system7_v
   4_03_a\data\processing_system7_v2_1_0.mpd line 319 
INFO:EDK - IPNAME: axi_interconnect, INSTANCE:axi_interconnect_1 - tcl is
   overriding PARAMETER C_BASEFAMILY value to zynq -
   C:\Xilinx\14.6\ISE_DS\EDK\hw\XilinxProcessorIPLib\pcores\axi_interconnect_v1_
   06_a\data\axi_interconnect_v2_1_0.mpd line 81 

Computing clock values...
INFO:EDK - Frequency for Top-Level Input Clock 'processing_system7_0_PS_CLK_pin'
   is not specified. Clock DRCs will not be performed for IPs connected to that
   clock port, unless they are connected through the clock generator IP. 

INFO:EDK - Frequency for Top-Level Input Clock 'axi_i2s_adi_0_DATA_CLK_I_pin' is
   not specified. Clock DRCs will not be performed for IPs connected to that
   clock port, unless they are connected through the clock generator IP. 


Performing IP level DRCs on properties...

Running DRC Tcl procedures for OPTION IPLEVEL_DRC_PROC...
INFO:EDK - INFO: DDR Base and High address in current configuration is
   0x00000000 and 0x3FFFFFFF respectively. 
INFO:EDK - INFO: You can modify the DDR address range accessed by Programmable
   Logic through the processing_system7 AXI slave interfaces. If MicroBlaze is a
   master on processing_system7 AXI slave interfaces, please use the top half of
   the address range (Base Address = 0x20000000; High Address = 0x3FFFFFFF). For
   all other master, any subset of the DDR address can be used. See Xilinx
   Answer 47167 for more information. 
Address Map for Processor processing_system7_0
  (0x77600000-0x7760ffff) axi_i2s_adi_0	axi_interconnect_1

Checking platform address map ...

Overriding IP level properties ...
INFO:EDK - IPNAME: processing_system7, INSTANCE:processing_system7_0 - tcl is
   overriding PARAMETER C_NUM_F2P_INTR_INPUTS value to 1 -
   C:\Xilinx\14.6\ISE_DS\EDK\hw\XilinxProcessorIPLib\pcores\processing_system7_v
   4_03_a\data\processing_system7_v2_1_0.mpd line 319 
INFO:EDK - IPNAME: axi_interconnect, INSTANCE:axi_interconnect_1 - tcl is
   overriding PARAMETER C_BASEFAMILY value to zynq -
   C:\Xilinx\14.6\ISE_DS\EDK\hw\XilinxProcessorIPLib\pcores\axi_interconnect_v1_
   06_a\data\axi_interconnect_v2_1_0.mpd line 81 

Computing clock values...
INFO:EDK - Frequency for Top-Level Input Clock 'processing_system7_0_PS_CLK_pin'
   is not specified. Clock DRCs will not be performed for IPs connected to that
   clock port, unless they are connected through the clock generator IP. 

INFO:EDK - Frequency for Top-Level Input Clock 'axi_i2s_adi_0_DATA_CLK_I_pin' is
   not specified. Clock DRCs will not be performed for IPs connected to that
   clock port, unless they are connected through the clock generator IP. 


Performing IP level DRCs on properties...

Running DRC Tcl procedures for OPTION IPLEVEL_DRC_PROC...
INFO:EDK - INFO: DDR Base and High address in current configuration is
   0x00000000 and 0x3FFFFFFF respectively. 
INFO:EDK - INFO: You can modify the DDR address range accessed by Programmable
   Logic through the processing_system7 AXI slave interfaces. If MicroBlaze is a
   master on processing_system7 AXI slave interfaces, please use the top half of
   the address range (Base Address = 0x20000000; High Address = 0x3FFFFFFF). For
   all other master, any subset of the DDR address can be used. See Xilinx
   Answer 47167 for more information. 
Address Map for Processor processing_system7_0
  (0x77600000-0x7760ffff) axi_i2s_adi_0	axi_interconnect_1

Checking platform address map ...
=====================
Opened log file
=====================
=====================
Opened log file
=====================
Xilinx Platform Studio (XPS)
Xilinx EDK 14.6 Build EDK_P.68d

Xilinx EDK 14.6 Build EDK_P.68d

WARNING:EDK - IPNAME: processing_system7, INSTANCE: processing_system7_0 -
   Pre-Production version not verified on hardware for architecture 'zynq' -
   D:\Developers_KIT\Zynq702\PMOD_AUDIO_PSIIC_ISE\PS\PS.mhs line 37 
WARNING:EDK - IPNAME: processing_system7, INSTANCE: processing_system7_0 -
   Pre-Production version not verified on hardware for architecture 'zynq' -
   D:\Developers_KIT\Zynq702\PMOD_AUDIO_PSIIC_ISE\PS\PS.mhs line 37 

Overriding IP level properties ...
INFO:EDK - IPNAME: processing_system7, INSTANCE:processing_system7_0 - tcl is
   overriding PARAMETER C_NUM_F2P_INTR_INPUTS value to 1 -
   C:\Xilinx\14.6\ISE_DS\EDK\hw\XilinxProcessorIPLib\pcores\processing_system7_v
   4_03_a\data\processing_system7_v2_1_0.mpd line 319 
INFO:EDK - IPNAME: axi_interconnect, INSTANCE:axi_interconnect_1 - tcl is
   overriding PARAMETER C_BASEFAMILY value to zynq -
   C:\Xilinx\14.6\ISE_DS\EDK\hw\XilinxProcessorIPLib\pcores\axi_interconnect_v1_
   06_a\data\axi_interconnect_v2_1_0.mpd line 81 

Computing clock values...
INFO:EDK - Frequency for Top-Level Input Clock 'processing_system7_0_PS_CLK_pin'
   is not specified. Clock DRCs will not be performed for IPs connected to that
   clock port, unless they are connected through the clock generator IP. 

INFO:EDK - Frequency for Top-Level Input Clock 'axi_i2s_adi_0_DATA_CLK_I_pin' is
   not specified. Clock DRCs will not be performed for IPs connected to that
   clock port, unless they are connected through the clock generator IP. 


Performing IP level DRCs on properties...

Running DRC Tcl procedures for OPTION IPLEVEL_DRC_PROC...
INFO:EDK - INFO: DDR Base and High address in current configuration is
   0x00000000 and 0x3FFFFFFF respectively. 
INFO:EDK - INFO: You can modify the DDR address range accessed by Programmable
   Logic through the processing_system7 AXI slave interfaces. If MicroBlaze is a
   master on processing_system7 AXI slave interfaces, please use the top half of
   the address range (Base Address = 0x20000000; High Address = 0x3FFFFFFF). For
   all other master, any subset of the DDR address can be used. See Xilinx
   Answer 47167 for more information. 
Address Map for Processor processing_system7_0
  (0x77600000-0x7760ffff) axi_i2s_adi_0	axi_interconnect_1

Checking platform address map ...

Overriding IP level properties ...
INFO:EDK - IPNAME: processing_system7, INSTANCE:processing_system7_0 - tcl is
   overriding PARAMETER C_NUM_F2P_INTR_INPUTS value to 1 -
   C:\Xilinx\14.6\ISE_DS\EDK\hw\XilinxProcessorIPLib\pcores\processing_system7_v
   4_03_a\data\processing_system7_v2_1_0.mpd line 319 
INFO:EDK - IPNAME: axi_interconnect, INSTANCE:axi_interconnect_1 - tcl is
   overriding PARAMETER C_BASEFAMILY value to zynq -
   C:\Xilinx\14.6\ISE_DS\EDK\hw\XilinxProcessorIPLib\pcores\axi_interconnect_v1_
   06_a\data\axi_interconnect_v2_1_0.mpd line 81 

Computing clock values...
INFO:EDK - Frequency for Top-Level Input Clock 'processing_system7_0_PS_CLK_pin'
   is not specified. Clock DRCs will not be performed for IPs connected to that
   clock port, unless they are connected through the clock generator IP. 

INFO:EDK - Frequency for Top-Level Input Clock 'axi_i2s_adi_0_DATA_CLK_I_pin' is
   not specified. Clock DRCs will not be performed for IPs connected to that
   clock port, unless they are connected through the clock generator IP. 


Performing IP level DRCs on properties...

Running DRC Tcl procedures for OPTION IPLEVEL_DRC_PROC...
INFO:EDK - INFO: DDR Base and High address in current configuration is
   0x00000000 and 0x3FFFFFFF respectively. 
INFO:EDK - INFO: You can modify the DDR address range accessed by Programmable
   Logic through the processing_system7 AXI slave interfaces. If MicroBlaze is a
   master on processing_system7 AXI slave interfaces, please use the top half of
   the address range (Base Address = 0x20000000; High Address = 0x3FFFFFFF). For
   all other master, any subset of the DDR address can be used. See Xilinx
   Answer 47167 for more information. 
Address Map for Processor processing_system7_0
  (0x77600000-0x7760ffff) axi_i2s_adi_0	axi_interconnect_1

Checking platform address map ...
=====================
Opened log file
=====================
=====================
Opened log file
=====================
Xilinx Platform Studio (XPS)
Xilinx EDK 14.6 Build EDK_P.68d

Xilinx EDK 14.6 Build EDK_P.68d

WARNING:EDK - IPNAME: processing_system7, INSTANCE: processing_system7_0 -
   Pre-Production version not verified on hardware for architecture 'zynq' -
   D:\Developers_KIT\Zynq702\PMOD_AUDIO_PSIIC_ISE\PS\PS.mhs line 37 
WARNING:EDK - IPNAME: processing_system7, INSTANCE: processing_system7_0 -
   Pre-Production version not verified on hardware for architecture 'zynq' -
   D:\Developers_KIT\Zynq702\PMOD_AUDIO_PSIIC_ISE\PS\PS.mhs line 37 

Overriding IP level properties ...
INFO:EDK - IPNAME: processing_system7, INSTANCE:processing_system7_0 - tcl is
   overriding PARAMETER C_NUM_F2P_INTR_INPUTS value to 1 -
   C:\Xilinx\14.6\ISE_DS\EDK\hw\XilinxProcessorIPLib\pcores\processing_system7_v
   4_03_a\data\processing_system7_v2_1_0.mpd line 319 
INFO:EDK - IPNAME: axi_interconnect, INSTANCE:axi_interconnect_1 - tcl is
   overriding PARAMETER C_BASEFAMILY value to zynq -
   C:\Xilinx\14.6\ISE_DS\EDK\hw\XilinxProcessorIPLib\pcores\axi_interconnect_v1_
   06_a\data\axi_interconnect_v2_1_0.mpd line 81 

Computing clock values...
INFO:EDK - Frequency for Top-Level Input Clock 'processing_system7_0_PS_CLK_pin'
   is not specified. Clock DRCs will not be performed for IPs connected to that
   clock port, unless they are connected through the clock generator IP. 

INFO:EDK - Frequency for Top-Level Input Clock 'axi_i2s_adi_0_DATA_CLK_I_pin' is
   not specified. Clock DRCs will not be performed for IPs connected to that
   clock port, unless they are connected through the clock generator IP. 


Performing IP level DRCs on properties...

Running DRC Tcl procedures for OPTION IPLEVEL_DRC_PROC...
INFO:EDK - INFO: DDR Base and High address in current configuration is
   0x00000000 and 0x3FFFFFFF respectively. 
INFO:EDK - INFO: You can modify the DDR address range accessed by Programmable
   Logic through the processing_system7 AXI slave interfaces. If MicroBlaze is a
   master on processing_system7 AXI slave interfaces, please use the top half of
   the address range (Base Address = 0x20000000; High Address = 0x3FFFFFFF). For
   all other master, any subset of the DDR address can be used. See Xilinx
   Answer 47167 for more information. 
Address Map for Processor processing_system7_0
  (0x77600000-0x7760ffff) axi_i2s_adi_0	axi_interconnect_1

Checking platform address map ...

Overriding IP level properties ...
INFO:EDK - IPNAME: processing_system7, INSTANCE:processing_system7_0 - tcl is
   overriding PARAMETER C_NUM_F2P_INTR_INPUTS value to 1 -
   C:\Xilinx\14.6\ISE_DS\EDK\hw\XilinxProcessorIPLib\pcores\processing_system7_v
   4_03_a\data\processing_system7_v2_1_0.mpd line 319 
INFO:EDK - IPNAME: axi_interconnect, INSTANCE:axi_interconnect_1 - tcl is
   overriding PARAMETER C_BASEFAMILY value to zynq -
   C:\Xilinx\14.6\ISE_DS\EDK\hw\XilinxProcessorIPLib\pcores\axi_interconnect_v1_
   06_a\data\axi_interconnect_v2_1_0.mpd line 81 

Computing clock values...
INFO:EDK - Frequency for Top-Level Input Clock 'processing_system7_0_PS_CLK_pin'
   is not specified. Clock DRCs will not be performed for IPs connected to that
   clock port, unless they are connected through the clock generator IP. 

INFO:EDK - Frequency for Top-Level Input Clock 'axi_i2s_adi_0_DATA_CLK_I_pin' is
   not specified. Clock DRCs will not be performed for IPs connected to that
   clock port, unless they are connected through the clock generator IP. 


Performing IP level DRCs on properties...

Running DRC Tcl procedures for OPTION IPLEVEL_DRC_PROC...
INFO:EDK - INFO: DDR Base and High address in current configuration is
   0x00000000 and 0x3FFFFFFF respectively. 
INFO:EDK - INFO: You can modify the DDR address range accessed by Programmable
   Logic through the processing_system7 AXI slave interfaces. If MicroBlaze is a
   master on processing_system7 AXI slave interfaces, please use the top half of
   the address range (Base Address = 0x20000000; High Address = 0x3FFFFFFF). For
   all other master, any subset of the DDR address can be used. See Xilinx
   Answer 47167 for more information. 
Address Map for Processor processing_system7_0
  (0x77600000-0x7760ffff) axi_i2s_adi_0	axi_interconnect_1

Checking platform address map ...
=====================
Opened log file
=====================
=====================
Opened log file
=====================
Xilinx Platform Studio (XPS)
Xilinx EDK 14.6 Build EDK_P.68d

Xilinx EDK 14.6 Build EDK_P.68d

WARNING:EDK - IPNAME: processing_system7, INSTANCE: processing_system7_0 -
   Pre-Production version not verified on hardware for architecture 'zynq' -
   D:\Developers_KIT\Zynq702\PMOD_AUDIO_PSIIC_ISE\PS\PS.mhs line 37 
WARNING:EDK - IPNAME: processing_system7, INSTANCE: processing_system7_0 -
   Pre-Production version not verified on hardware for architecture 'zynq' -
   D:\Developers_KIT\Zynq702\PMOD_AUDIO_PSIIC_ISE\PS\PS.mhs line 37 

Overriding IP level properties ...
INFO:EDK - IPNAME: processing_system7, INSTANCE:processing_system7_0 - tcl is
   overriding PARAMETER C_NUM_F2P_INTR_INPUTS value to 1 -
   C:\Xilinx\14.6\ISE_DS\EDK\hw\XilinxProcessorIPLib\pcores\processing_system7_v
   4_03_a\data\processing_system7_v2_1_0.mpd line 319 
INFO:EDK - IPNAME: axi_interconnect, INSTANCE:axi_interconnect_1 - tcl is
   overriding PARAMETER C_BASEFAMILY value to zynq -
   C:\Xilinx\14.6\ISE_DS\EDK\hw\XilinxProcessorIPLib\pcores\axi_interconnect_v1_
   06_a\data\axi_interconnect_v2_1_0.mpd line 81 

Computing clock values...
INFO:EDK - Frequency for Top-Level Input Clock 'processing_system7_0_PS_CLK_pin'
   is not specified. Clock DRCs will not be performed for IPs connected to that
   clock port, unless they are connected through the clock generator IP. 

INFO:EDK - Frequency for Top-Level Input Clock 'axi_i2s_adi_0_DATA_CLK_I_pin' is
   not specified. Clock DRCs will not be performed for IPs connected to that
   clock port, unless they are connected through the clock generator IP. 


Performing IP level DRCs on properties...

Running DRC Tcl procedures for OPTION IPLEVEL_DRC_PROC...
INFO:EDK - INFO: DDR Base and High address in current configuration is
   0x00000000 and 0x3FFFFFFF respectively. 
INFO:EDK - INFO: You can modify the DDR address range accessed by Programmable
   Logic through the processing_system7 AXI slave interfaces. If MicroBlaze is a
   master on processing_system7 AXI slave interfaces, please use the top half of
   the address range (Base Address = 0x20000000; High Address = 0x3FFFFFFF). For
   all other master, any subset of the DDR address can be used. See Xilinx
   Answer 47167 for more information. 
Address Map for Processor processing_system7_0
  (0x77600000-0x7760ffff) axi_i2s_adi_0	axi_interconnect_1

Checking platform address map ...

Overriding IP level properties ...
INFO:EDK - IPNAME: processing_system7, INSTANCE:processing_system7_0 - tcl is
   overriding PARAMETER C_NUM_F2P_INTR_INPUTS value to 1 -
   C:\Xilinx\14.6\ISE_DS\EDK\hw\XilinxProcessorIPLib\pcores\processing_system7_v
   4_03_a\data\processing_system7_v2_1_0.mpd line 319 
INFO:EDK - IPNAME: axi_interconnect, INSTANCE:axi_interconnect_1 - tcl is
   overriding PARAMETER C_BASEFAMILY value to zynq -
   C:\Xilinx\14.6\ISE_DS\EDK\hw\XilinxProcessorIPLib\pcores\axi_interconnect_v1_
   06_a\data\axi_interconnect_v2_1_0.mpd line 81 

Computing clock values...
INFO:EDK - Frequency for Top-Level Input Clock 'processing_system7_0_PS_CLK_pin'
   is not specified. Clock DRCs will not be performed for IPs connected to that
   clock port, unless they are connected through the clock generator IP. 

INFO:EDK - Frequency for Top-Level Input Clock 'axi_i2s_adi_0_DATA_CLK_I_pin' is
   not specified. Clock DRCs will not be performed for IPs connected to that
   clock port, unless they are connected through the clock generator IP. 


Performing IP level DRCs on properties...

Running DRC Tcl procedures for OPTION IPLEVEL_DRC_PROC...
INFO:EDK - INFO: DDR Base and High address in current configuration is
   0x00000000 and 0x3FFFFFFF respectively. 
INFO:EDK - INFO: You can modify the DDR address range accessed by Programmable
   Logic through the processing_system7 AXI slave interfaces. If MicroBlaze is a
   master on processing_system7 AXI slave interfaces, please use the top half of
   the address range (Base Address = 0x20000000; High Address = 0x3FFFFFFF). For
   all other master, any subset of the DDR address can be used. See Xilinx
   Answer 47167 for more information. 
Address Map for Processor processing_system7_0
  (0x77600000-0x7760ffff) axi_i2s_adi_0	axi_interconnect_1

Checking platform address map ...
Xilinx Platform Studio (XPS)
Xilinx EDK 14.6 Build EDK_P.68d
Copyright (c) 1995-2012 Xilinx, Inc.  All rights reserved.

Writing filter settings....
Done writing filter settings to:
	D:\Developers_KIT\Zynq702\PMOD_AUDIO_PSIIC_ISE\PS\etc\PS.filters
Done writing Tab View settings to:
	D:\Developers_KIT\Zynq702\PMOD_AUDIO_PSIIC_ISE\PS\etc\PS.gui
=====================
Opened log file
=====================
=====================
Opened log file
=====================
Xilinx Platform Studio (XPS)
Xilinx EDK 14.6 Build EDK_P.68d

Xilinx EDK 14.6 Build EDK_P.68d

WARNING:EDK - IPNAME: processing_system7, INSTANCE: processing_system7_0 -
   Pre-Production version not verified on hardware for architecture 'zynq' -
   D:\Developers_KIT\Zynq702\PMOD_AUDIO_PSIIC_ISE\PS\PS.mhs line 37 
WARNING:EDK - IPNAME: processing_system7, INSTANCE: processing_system7_0 -
   Pre-Production version not verified on hardware for architecture 'zynq' -
   D:\Developers_KIT\Zynq702\PMOD_AUDIO_PSIIC_ISE\PS\PS.mhs line 37 

Overriding IP level properties ...
INFO:EDK - IPNAME: processing_system7, INSTANCE:processing_system7_0 - tcl is
   overriding PARAMETER C_NUM_F2P_INTR_INPUTS value to 1 -
   C:\Xilinx\14.6\ISE_DS\EDK\hw\XilinxProcessorIPLib\pcores\processing_system7_v
   4_03_a\data\processing_system7_v2_1_0.mpd line 319 
INFO:EDK - IPNAME: axi_interconnect, INSTANCE:axi_interconnect_1 - tcl is
   overriding PARAMETER C_BASEFAMILY value to zynq -
   C:\Xilinx\14.6\ISE_DS\EDK\hw\XilinxProcessorIPLib\pcores\axi_interconnect_v1_
   06_a\data\axi_interconnect_v2_1_0.mpd line 81 

Computing clock values...
INFO:EDK - Frequency for Top-Level Input Clock 'processing_system7_0_PS_CLK_pin'
   is not specified. Clock DRCs will not be performed for IPs connected to that
   clock port, unless they are connected through the clock generator IP. 

INFO:EDK - Frequency for Top-Level Input Clock 'axi_i2s_adi_0_DATA_CLK_I_pin' is
   not specified. Clock DRCs will not be performed for IPs connected to that
   clock port, unless they are connected through the clock generator IP. 


Performing IP level DRCs on properties...

Running DRC Tcl procedures for OPTION IPLEVEL_DRC_PROC...
INFO:EDK - INFO: DDR Base and High address in current configuration is
   0x00000000 and 0x3FFFFFFF respectively. 
INFO:EDK - INFO: You can modify the DDR address range accessed by Programmable
   Logic through the processing_system7 AXI slave interfaces. If MicroBlaze is a
   master on processing_system7 AXI slave interfaces, please use the top half of
   the address range (Base Address = 0x20000000; High Address = 0x3FFFFFFF). For
   all other master, any subset of the DDR address can be used. See Xilinx
   Answer 47167 for more information. 
Address Map for Processor processing_system7_0
  (0x77600000-0x7760ffff) axi_i2s_adi_0	axi_interconnect_1

Checking platform address map ...

Overriding IP level properties ...
INFO:EDK - IPNAME: processing_system7, INSTANCE:processing_system7_0 - tcl is
   overriding PARAMETER C_NUM_F2P_INTR_INPUTS value to 1 -
   C:\Xilinx\14.6\ISE_DS\EDK\hw\XilinxProcessorIPLib\pcores\processing_system7_v
   4_03_a\data\processing_system7_v2_1_0.mpd line 319 
INFO:EDK - IPNAME: axi_interconnect, INSTANCE:axi_interconnect_1 - tcl is
   overriding PARAMETER C_BASEFAMILY value to zynq -
   C:\Xilinx\14.6\ISE_DS\EDK\hw\XilinxProcessorIPLib\pcores\axi_interconnect_v1_
   06_a\data\axi_interconnect_v2_1_0.mpd line 81 

Computing clock values...
INFO:EDK - Frequency for Top-Level Input Clock 'processing_system7_0_PS_CLK_pin'
   is not specified. Clock DRCs will not be performed for IPs connected to that
   clock port, unless they are connected through the clock generator IP. 

INFO:EDK - Frequency for Top-Level Input Clock 'axi_i2s_adi_0_DATA_CLK_I_pin' is
   not specified. Clock DRCs will not be performed for IPs connected to that
   clock port, unless they are connected through the clock generator IP. 


Performing IP level DRCs on properties...

Running DRC Tcl procedures for OPTION IPLEVEL_DRC_PROC...
INFO:EDK - INFO: DDR Base and High address in current configuration is
   0x00000000 and 0x3FFFFFFF respectively. 
INFO:EDK - INFO: You can modify the DDR address range accessed by Programmable
   Logic through the processing_system7 AXI slave interfaces. If MicroBlaze is a
   master on processing_system7 AXI slave interfaces, please use the top half of
   the address range (Base Address = 0x20000000; High Address = 0x3FFFFFFF). For
   all other master, any subset of the DDR address can be used. See Xilinx
   Answer 47167 for more information. 
Address Map for Processor processing_system7_0
  (0x77600000-0x7760ffff) axi_i2s_adi_0	axi_interconnect_1

Checking platform address map ...
=====================
Opened log file
=====================
=====================
Opened log file
=====================
Xilinx Platform Studio (XPS)
Xilinx EDK 14.6 Build EDK_P.68d

Xilinx EDK 14.6 Build EDK_P.68d

WARNING:EDK - IPNAME: processing_system7, INSTANCE: processing_system7_0 -
   Pre-Production version not verified on hardware for architecture 'zynq' -
   D:\Developers_KIT\Zynq702\PMOD_AUDIO_PSIIC_ISE\PS\PS.mhs line 37 
WARNING:EDK - IPNAME: processing_system7, INSTANCE: processing_system7_0 -
   Pre-Production version not verified on hardware for architecture 'zynq' -
   D:\Developers_KIT\Zynq702\PMOD_AUDIO_PSIIC_ISE\PS\PS.mhs line 37 

Overriding IP level properties ...
INFO:EDK - IPNAME: processing_system7, INSTANCE:processing_system7_0 - tcl is
   overriding PARAMETER C_NUM_F2P_INTR_INPUTS value to 1 -
   C:\Xilinx\14.6\ISE_DS\EDK\hw\XilinxProcessorIPLib\pcores\processing_system7_v
   4_03_a\data\processing_system7_v2_1_0.mpd line 319 
INFO:EDK - IPNAME: axi_interconnect, INSTANCE:axi_interconnect_1 - tcl is
   overriding PARAMETER C_BASEFAMILY value to zynq -
   C:\Xilinx\14.6\ISE_DS\EDK\hw\XilinxProcessorIPLib\pcores\axi_interconnect_v1_
   06_a\data\axi_interconnect_v2_1_0.mpd line 81 

Computing clock values...
INFO:EDK - Frequency for Top-Level Input Clock 'processing_system7_0_PS_CLK_pin'
   is not specified. Clock DRCs will not be performed for IPs connected to that
   clock port, unless they are connected through the clock generator IP. 

INFO:EDK - Frequency for Top-Level Input Clock 'axi_i2s_adi_0_DATA_CLK_I_pin' is
   not specified. Clock DRCs will not be performed for IPs connected to that
   clock port, unless they are connected through the clock generator IP. 


Performing IP level DRCs on properties...

Running DRC Tcl procedures for OPTION IPLEVEL_DRC_PROC...
INFO:EDK - INFO: DDR Base and High address in current configuration is
   0x00000000 and 0x3FFFFFFF respectively. 
INFO:EDK - INFO: You can modify the DDR address range accessed by Programmable
   Logic through the processing_system7 AXI slave interfaces. If MicroBlaze is a
   master on processing_system7 AXI slave interfaces, please use the top half of
   the address range (Base Address = 0x20000000; High Address = 0x3FFFFFFF). For
   all other master, any subset of the DDR address can be used. See Xilinx
   Answer 47167 for more information. 
Address Map for Processor processing_system7_0
  (0x77600000-0x7760ffff) axi_i2s_adi_0	axi_interconnect_1

Checking platform address map ...

Overriding IP level properties ...
INFO:EDK - IPNAME: processing_system7, INSTANCE:processing_system7_0 - tcl is
   overriding PARAMETER C_NUM_F2P_INTR_INPUTS value to 1 -
   C:\Xilinx\14.6\ISE_DS\EDK\hw\XilinxProcessorIPLib\pcores\processing_system7_v
   4_03_a\data\processing_system7_v2_1_0.mpd line 319 
INFO:EDK - IPNAME: axi_interconnect, INSTANCE:axi_interconnect_1 - tcl is
   overriding PARAMETER C_BASEFAMILY value to zynq -
   C:\Xilinx\14.6\ISE_DS\EDK\hw\XilinxProcessorIPLib\pcores\axi_interconnect_v1_
   06_a\data\axi_interconnect_v2_1_0.mpd line 81 

Computing clock values...
INFO:EDK - Frequency for Top-Level Input Clock 'processing_system7_0_PS_CLK_pin'
   is not specified. Clock DRCs will not be performed for IPs connected to that
   clock port, unless they are connected through the clock generator IP. 

INFO:EDK - Frequency for Top-Level Input Clock 'axi_i2s_adi_0_DATA_CLK_I_pin' is
   not specified. Clock DRCs will not be performed for IPs connected to that
   clock port, unless they are connected through the clock generator IP. 


Performing IP level DRCs on properties...

Running DRC Tcl procedures for OPTION IPLEVEL_DRC_PROC...
INFO:EDK - INFO: DDR Base and High address in current configuration is
   0x00000000 and 0x3FFFFFFF respectively. 
INFO:EDK - INFO: You can modify the DDR address range accessed by Programmable
   Logic through the processing_system7 AXI slave interfaces. If MicroBlaze is a
   master on processing_system7 AXI slave interfaces, please use the top half of
   the address range (Base Address = 0x20000000; High Address = 0x3FFFFFFF). For
   all other master, any subset of the DDR address can be used. See Xilinx
   Answer 47167 for more information. 
Address Map for Processor processing_system7_0
  (0x77600000-0x7760ffff) axi_i2s_adi_0	axi_interconnect_1

Checking platform address map ...
Xilinx Platform Studio (XPS)
Xilinx EDK 14.6 Build EDK_P.68d
Copyright (c) 1995-2012 Xilinx, Inc.  All rights reserved.

Overriding Xilinx file <TextEditor.cfg> with local file <C:/Xilinx/14.6/ISE_DS/EDK/data/TextEditor.cfg>
The project's MHS file has changed on disk.
WARNING:EDK:4092 - IPNAME: processing_system7, INSTANCE: processing_system7_0 - Pre-Production version not verified on hardware for architecture 'zynq' - D:\Developers_KIT\Zynq702\PMOD_AUDIO_PSIIC_ISE\PS\PS.mhs line 37 
WARNING:EDK:4092 - IPNAME: processing_system7, INSTANCE: processing_system7_0 - Pre-Production version not verified on hardware for architecture 'zynq' - D:\Developers_KIT\Zynq702\PMOD_AUDIO_PSIIC_ISE\PS\PS.mhs line 37 
WARNING:EDK:4092 - IPNAME: processing_system7, INSTANCE: processing_system7_0 - Pre-Production version not verified on hardware for architecture 'zynq' - D:\Developers_KIT\Zynq702\PMOD_AUDIO_PSIIC_ISE\PS\PS.mhs line 37 
Writing filter settings....
Done writing filter settings to:
	D:\Developers_KIT\Zynq702\PMOD_AUDIO_PSIIC_ISE\PS\etc\PS.filters
Done writing Tab View settings to:
	D:\Developers_KIT\Zynq702\PMOD_AUDIO_PSIIC_ISE\PS\etc\PS.gui
=====================
Opened log file
=====================
=====================
Opened log file
=====================
Xilinx Platform Studio (XPS)
Xilinx EDK 14.6 Build EDK_P.68d

Xilinx EDK 14.6 Build EDK_P.68d

WARNING:EDK - IPNAME: processing_system7, INSTANCE: processing_system7_0 -
   Pre-Production version not verified on hardware for architecture 'zynq' -
   D:\Developers_KIT\Zynq702\PMOD_AUDIO_PSIIC_ISE\PS\PS.mhs line 37 
WARNING:EDK - IPNAME: processing_system7, INSTANCE: processing_system7_0 -
   Pre-Production version not verified on hardware for architecture 'zynq' -
   D:\Developers_KIT\Zynq702\PMOD_AUDIO_PSIIC_ISE\PS\PS.mhs line 37 

Overriding IP level properties ...
INFO:EDK - IPNAME: processing_system7, INSTANCE:processing_system7_0 - tcl is
   overriding PARAMETER C_NUM_F2P_INTR_INPUTS value to 1 -
   C:\Xilinx\14.6\ISE_DS\EDK\hw\XilinxProcessorIPLib\pcores\processing_system7_v
   4_03_a\data\processing_system7_v2_1_0.mpd line 319 
INFO:EDK - IPNAME: axi_interconnect, INSTANCE:axi_interconnect_1 - tcl is
   overriding PARAMETER C_BASEFAMILY value to zynq -
   C:\Xilinx\14.6\ISE_DS\EDK\hw\XilinxProcessorIPLib\pcores\axi_interconnect_v1_
   06_a\data\axi_interconnect_v2_1_0.mpd line 81 

Computing clock values...
INFO:EDK - Frequency for Top-Level Input Clock 'processing_system7_0_PS_CLK_pin'
   is not specified. Clock DRCs will not be performed for IPs connected to that
   clock port, unless they are connected through the clock generator IP. 

INFO:EDK - Frequency for Top-Level Input Clock 'axi_i2s_adi_0_DATA_CLK_I_pin' is
   not specified. Clock DRCs will not be performed for IPs connected to that
   clock port, unless they are connected through the clock generator IP. 


Performing IP level DRCs on properties...

Running DRC Tcl procedures for OPTION IPLEVEL_DRC_PROC...
INFO:EDK - INFO: DDR Base and High address in current configuration is
   0x00000000 and 0x3FFFFFFF respectively. 
INFO:EDK - INFO: You can modify the DDR address range accessed by Programmable
   Logic through the processing_system7 AXI slave interfaces. If MicroBlaze is a
   master on processing_system7 AXI slave interfaces, please use the top half of
   the address range (Base Address = 0x20000000; High Address = 0x3FFFFFFF). For
   all other master, any subset of the DDR address can be used. See Xilinx
   Answer 47167 for more information. 
Address Map for Processor processing_system7_0
  (0x77600000-0x7760ffff) axi_i2s_adi_0	axi_interconnect_1

Checking platform address map ...

Overriding IP level properties ...
INFO:EDK - IPNAME: processing_system7, INSTANCE:processing_system7_0 - tcl is
   overriding PARAMETER C_NUM_F2P_INTR_INPUTS value to 1 -
   C:\Xilinx\14.6\ISE_DS\EDK\hw\XilinxProcessorIPLib\pcores\processing_system7_v
   4_03_a\data\processing_system7_v2_1_0.mpd line 319 
INFO:EDK - IPNAME: axi_interconnect, INSTANCE:axi_interconnect_1 - tcl is
   overriding PARAMETER C_BASEFAMILY value to zynq -
   C:\Xilinx\14.6\ISE_DS\EDK\hw\XilinxProcessorIPLib\pcores\axi_interconnect_v1_
   06_a\data\axi_interconnect_v2_1_0.mpd line 81 

Computing clock values...
INFO:EDK - Frequency for Top-Level Input Clock 'processing_system7_0_PS_CLK_pin'
   is not specified. Clock DRCs will not be performed for IPs connected to that
   clock port, unless they are connected through the clock generator IP. 

INFO:EDK - Frequency for Top-Level Input Clock 'axi_i2s_adi_0_DATA_CLK_I_pin' is
   not specified. Clock DRCs will not be performed for IPs connected to that
   clock port, unless they are connected through the clock generator IP. 


Performing IP level DRCs on properties...

Running DRC Tcl procedures for OPTION IPLEVEL_DRC_PROC...
INFO:EDK - INFO: DDR Base and High address in current configuration is
   0x00000000 and 0x3FFFFFFF respectively. 
INFO:EDK - INFO: You can modify the DDR address range accessed by Programmable
   Logic through the processing_system7 AXI slave interfaces. If MicroBlaze is a
   master on processing_system7 AXI slave interfaces, please use the top half of
   the address range (Base Address = 0x20000000; High Address = 0x3FFFFFFF). For
   all other master, any subset of the DDR address can be used. See Xilinx
   Answer 47167 for more information. 
Address Map for Processor processing_system7_0
  (0x77600000-0x7760ffff) axi_i2s_adi_0	axi_interconnect_1

Checking platform address map ...
=====================
Opened log file
=====================
=====================
Opened log file
=====================
Xilinx Platform Studio (XPS)
Xilinx EDK 14.6 Build EDK_P.68d

Xilinx EDK 14.6 Build EDK_P.68d

WARNING:EDK - IPNAME: processing_system7, INSTANCE: processing_system7_0 -
   Pre-Production version not verified on hardware for architecture 'zynq' -
   D:\Developers_KIT\Zynq702\PMOD_AUDIO_PSIIC_ISE\PS\PS.mhs line 37 
WARNING:EDK - IPNAME: processing_system7, INSTANCE: processing_system7_0 -
   Pre-Production version not verified on hardware for architecture 'zynq' -
   D:\Developers_KIT\Zynq702\PMOD_AUDIO_PSIIC_ISE\PS\PS.mhs line 37 

Overriding IP level properties ...
INFO:EDK - IPNAME: processing_system7, INSTANCE:processing_system7_0 - tcl is
   overriding PARAMETER C_NUM_F2P_INTR_INPUTS value to 1 -
   C:\Xilinx\14.6\ISE_DS\EDK\hw\XilinxProcessorIPLib\pcores\processing_system7_v
   4_03_a\data\processing_system7_v2_1_0.mpd line 319 
INFO:EDK - IPNAME: axi_interconnect, INSTANCE:axi_interconnect_1 - tcl is
   overriding PARAMETER C_BASEFAMILY value to zynq -
   C:\Xilinx\14.6\ISE_DS\EDK\hw\XilinxProcessorIPLib\pcores\axi_interconnect_v1_
   06_a\data\axi_interconnect_v2_1_0.mpd line 81 

Computing clock values...
INFO:EDK - Frequency for Top-Level Input Clock 'processing_system7_0_PS_CLK_pin'
   is not specified. Clock DRCs will not be performed for IPs connected to that
   clock port, unless they are connected through the clock generator IP. 

INFO:EDK - Frequency for Top-Level Input Clock 'axi_i2s_adi_0_DATA_CLK_I_pin' is
   not specified. Clock DRCs will not be performed for IPs connected to that
   clock port, unless they are connected through the clock generator IP. 


Performing IP level DRCs on properties...

Running DRC Tcl procedures for OPTION IPLEVEL_DRC_PROC...
INFO:EDK - INFO: DDR Base and High address in current configuration is
   0x00000000 and 0x3FFFFFFF respectively. 
INFO:EDK - INFO: You can modify the DDR address range accessed by Programmable
   Logic through the processing_system7 AXI slave interfaces. If MicroBlaze is a
   master on processing_system7 AXI slave interfaces, please use the top half of
   the address range (Base Address = 0x20000000; High Address = 0x3FFFFFFF). For
   all other master, any subset of the DDR address can be used. See Xilinx
   Answer 47167 for more information. 
Address Map for Processor processing_system7_0
  (0x77600000-0x7760ffff) axi_i2s_adi_0	axi_interconnect_1

Checking platform address map ...

Overriding IP level properties ...
INFO:EDK - IPNAME: processing_system7, INSTANCE:processing_system7_0 - tcl is
   overriding PARAMETER C_NUM_F2P_INTR_INPUTS value to 1 -
   C:\Xilinx\14.6\ISE_DS\EDK\hw\XilinxProcessorIPLib\pcores\processing_system7_v
   4_03_a\data\processing_system7_v2_1_0.mpd line 319 
INFO:EDK - IPNAME: axi_interconnect, INSTANCE:axi_interconnect_1 - tcl is
   overriding PARAMETER C_BASEFAMILY value to zynq -
   C:\Xilinx\14.6\ISE_DS\EDK\hw\XilinxProcessorIPLib\pcores\axi_interconnect_v1_
   06_a\data\axi_interconnect_v2_1_0.mpd line 81 

Computing clock values...
INFO:EDK - Frequency for Top-Level Input Clock 'processing_system7_0_PS_CLK_pin'
   is not specified. Clock DRCs will not be performed for IPs connected to that
   clock port, unless they are connected through the clock generator IP. 

INFO:EDK - Frequency for Top-Level Input Clock 'axi_i2s_adi_0_DATA_CLK_I_pin' is
   not specified. Clock DRCs will not be performed for IPs connected to that
   clock port, unless they are connected through the clock generator IP. 


Performing IP level DRCs on properties...

Running DRC Tcl procedures for OPTION IPLEVEL_DRC_PROC...
INFO:EDK - INFO: DDR Base and High address in current configuration is
   0x00000000 and 0x3FFFFFFF respectively. 
INFO:EDK - INFO: You can modify the DDR address range accessed by Programmable
   Logic through the processing_system7 AXI slave interfaces. If MicroBlaze is a
   master on processing_system7 AXI slave interfaces, please use the top half of
   the address range (Base Address = 0x20000000; High Address = 0x3FFFFFFF). For
   all other master, any subset of the DDR address can be used. See Xilinx
   Answer 47167 for more information. 
Address Map for Processor processing_system7_0
  (0x77600000-0x7760ffff) axi_i2s_adi_0	axi_interconnect_1

Checking platform address map ...
=====================
Opened log file
=====================
=====================
Opened log file
=====================
Xilinx Platform Studio (XPS)
Xilinx EDK 14.6 Build EDK_P.68d

Xilinx EDK 14.6 Build EDK_P.68d

WARNING:EDK - IPNAME: processing_system7, INSTANCE: processing_system7_0 -
   Pre-Production version not verified on hardware for architecture 'zynq' -
   D:\Developers_KIT\Zynq702\PMOD_AUDIO_PSIIC_ISE\PS\PS.mhs line 37 
WARNING:EDK - IPNAME: processing_system7, INSTANCE: processing_system7_0 -
   Pre-Production version not verified on hardware for architecture 'zynq' -
   D:\Developers_KIT\Zynq702\PMOD_AUDIO_PSIIC_ISE\PS\PS.mhs line 37 

Overriding IP level properties ...
INFO:EDK - IPNAME: processing_system7, INSTANCE:processing_system7_0 - tcl is
   overriding PARAMETER C_NUM_F2P_INTR_INPUTS value to 1 -
   C:\Xilinx\14.6\ISE_DS\EDK\hw\XilinxProcessorIPLib\pcores\processing_system7_v
   4_03_a\data\processing_system7_v2_1_0.mpd line 319 
INFO:EDK - IPNAME: axi_interconnect, INSTANCE:axi_interconnect_1 - tcl is
   overriding PARAMETER C_BASEFAMILY value to zynq -
   C:\Xilinx\14.6\ISE_DS\EDK\hw\XilinxProcessorIPLib\pcores\axi_interconnect_v1_
   06_a\data\axi_interconnect_v2_1_0.mpd line 81 

Computing clock values...
INFO:EDK - Frequency for Top-Level Input Clock 'processing_system7_0_PS_CLK_pin'
   is not specified. Clock DRCs will not be performed for IPs connected to that
   clock port, unless they are connected through the clock generator IP. 

INFO:EDK - Frequency for Top-Level Input Clock 'axi_i2s_adi_0_DATA_CLK_I_pin' is
   not specified. Clock DRCs will not be performed for IPs connected to that
   clock port, unless they are connected through the clock generator IP. 


Performing IP level DRCs on properties...

Running DRC Tcl procedures for OPTION IPLEVEL_DRC_PROC...
INFO:EDK - INFO: DDR Base and High address in current configuration is
   0x00000000 and 0x3FFFFFFF respectively. 
INFO:EDK - INFO: You can modify the DDR address range accessed by Programmable
   Logic through the processing_system7 AXI slave interfaces. If MicroBlaze is a
   master on processing_system7 AXI slave interfaces, please use the top half of
   the address range (Base Address = 0x20000000; High Address = 0x3FFFFFFF). For
   all other master, any subset of the DDR address can be used. See Xilinx
   Answer 47167 for more information. 
Address Map for Processor processing_system7_0
  (0x77600000-0x7760ffff) axi_i2s_adi_0	axi_interconnect_1

Checking platform address map ...

Overriding IP level properties ...
INFO:EDK - IPNAME: processing_system7, INSTANCE:processing_system7_0 - tcl is
   overriding PARAMETER C_NUM_F2P_INTR_INPUTS value to 1 -
   C:\Xilinx\14.6\ISE_DS\EDK\hw\XilinxProcessorIPLib\pcores\processing_system7_v
   4_03_a\data\processing_system7_v2_1_0.mpd line 319 
INFO:EDK - IPNAME: axi_interconnect, INSTANCE:axi_interconnect_1 - tcl is
   overriding PARAMETER C_BASEFAMILY value to zynq -
   C:\Xilinx\14.6\ISE_DS\EDK\hw\XilinxProcessorIPLib\pcores\axi_interconnect_v1_
   06_a\data\axi_interconnect_v2_1_0.mpd line 81 

Computing clock values...
INFO:EDK - Frequency for Top-Level Input Clock 'processing_system7_0_PS_CLK_pin'
   is not specified. Clock DRCs will not be performed for IPs connected to that
   clock port, unless they are connected through the clock generator IP. 

INFO:EDK - Frequency for Top-Level Input Clock 'axi_i2s_adi_0_DATA_CLK_I_pin' is
   not specified. Clock DRCs will not be performed for IPs connected to that
   clock port, unless they are connected through the clock generator IP. 


Performing IP level DRCs on properties...

Running DRC Tcl procedures for OPTION IPLEVEL_DRC_PROC...
INFO:EDK - INFO: DDR Base and High address in current configuration is
   0x00000000 and 0x3FFFFFFF respectively. 
INFO:EDK - INFO: You can modify the DDR address range accessed by Programmable
   Logic through the processing_system7 AXI slave interfaces. If MicroBlaze is a
   master on processing_system7 AXI slave interfaces, please use the top half of
   the address range (Base Address = 0x20000000; High Address = 0x3FFFFFFF). For
   all other master, any subset of the DDR address can be used. See Xilinx
   Answer 47167 for more information. 
Address Map for Processor processing_system7_0
  (0x77600000-0x7760ffff) axi_i2s_adi_0	axi_interconnect_1

Checking platform address map ...
=====================
Opened log file
=====================
=====================
Opened log file
=====================
Xilinx Platform Studio (XPS)
Xilinx EDK 14.6 Build EDK_P.68d

Xilinx EDK 14.6 Build EDK_P.68d

WARNING:EDK - IPNAME: processing_system7, INSTANCE: processing_system7_0 -
   Pre-Production version not verified on hardware for architecture 'zynq' -
   D:\Developers_KIT\Zynq702\PMOD_AUDIO_PSIIC_ISE\PS\PS.mhs line 37 
WARNING:EDK - IPNAME: processing_system7, INSTANCE: processing_system7_0 -
   Pre-Production version not verified on hardware for architecture 'zynq' -
   D:\Developers_KIT\Zynq702\PMOD_AUDIO_PSIIC_ISE\PS\PS.mhs line 37 

Overriding IP level properties ...
INFO:EDK - IPNAME: processing_system7, INSTANCE:processing_system7_0 - tcl is
   overriding PARAMETER C_NUM_F2P_INTR_INPUTS value to 1 -
   C:\Xilinx\14.6\ISE_DS\EDK\hw\XilinxProcessorIPLib\pcores\processing_system7_v
   4_03_a\data\processing_system7_v2_1_0.mpd line 319 
INFO:EDK - IPNAME: axi_interconnect, INSTANCE:axi_interconnect_1 - tcl is
   overriding PARAMETER C_BASEFAMILY value to zynq -
   C:\Xilinx\14.6\ISE_DS\EDK\hw\XilinxProcessorIPLib\pcores\axi_interconnect_v1_
   06_a\data\axi_interconnect_v2_1_0.mpd line 81 

Computing clock values...
INFO:EDK - Frequency for Top-Level Input Clock 'processing_system7_0_PS_CLK_pin'
   is not specified. Clock DRCs will not be performed for IPs connected to that
   clock port, unless they are connected through the clock generator IP. 

INFO:EDK - Frequency for Top-Level Input Clock 'axi_i2s_adi_0_DATA_CLK_I_pin' is
   not specified. Clock DRCs will not be performed for IPs connected to that
   clock port, unless they are connected through the clock generator IP. 


Performing IP level DRCs on properties...

Running DRC Tcl procedures for OPTION IPLEVEL_DRC_PROC...
INFO:EDK - INFO: DDR Base and High address in current configuration is
   0x00000000 and 0x3FFFFFFF respectively. 
INFO:EDK - INFO: You can modify the DDR address range accessed by Programmable
   Logic through the processing_system7 AXI slave interfaces. If MicroBlaze is a
   master on processing_system7 AXI slave interfaces, please use the top half of
   the address range (Base Address = 0x20000000; High Address = 0x3FFFFFFF). For
   all other master, any subset of the DDR address can be used. See Xilinx
   Answer 47167 for more information. 
Address Map for Processor processing_system7_0
  (0x77600000-0x7760ffff) axi_i2s_adi_0	axi_interconnect_1

Checking platform address map ...

Overriding IP level properties ...
INFO:EDK - IPNAME: processing_system7, INSTANCE:processing_system7_0 - tcl is
   overriding PARAMETER C_NUM_F2P_INTR_INPUTS value to 1 -
   C:\Xilinx\14.6\ISE_DS\EDK\hw\XilinxProcessorIPLib\pcores\processing_system7_v
   4_03_a\data\processing_system7_v2_1_0.mpd line 319 
INFO:EDK - IPNAME: axi_interconnect, INSTANCE:axi_interconnect_1 - tcl is
   overriding PARAMETER C_BASEFAMILY value to zynq -
   C:\Xilinx\14.6\ISE_DS\EDK\hw\XilinxProcessorIPLib\pcores\axi_interconnect_v1_
   06_a\data\axi_interconnect_v2_1_0.mpd line 81 

Computing clock values...
INFO:EDK - Frequency for Top-Level Input Clock 'processing_system7_0_PS_CLK_pin'
   is not specified. Clock DRCs will not be performed for IPs connected to that
   clock port, unless they are connected through the clock generator IP. 

INFO:EDK - Frequency for Top-Level Input Clock 'axi_i2s_adi_0_DATA_CLK_I_pin' is
   not specified. Clock DRCs will not be performed for IPs connected to that
   clock port, unless they are connected through the clock generator IP. 


Performing IP level DRCs on properties...

Running DRC Tcl procedures for OPTION IPLEVEL_DRC_PROC...
INFO:EDK - INFO: DDR Base and High address in current configuration is
   0x00000000 and 0x3FFFFFFF respectively. 
INFO:EDK - INFO: You can modify the DDR address range accessed by Programmable
   Logic through the processing_system7 AXI slave interfaces. If MicroBlaze is a
   master on processing_system7 AXI slave interfaces, please use the top half of
   the address range (Base Address = 0x20000000; High Address = 0x3FFFFFFF). For
   all other master, any subset of the DDR address can be used. See Xilinx
   Answer 47167 for more information. 
Address Map for Processor processing_system7_0
  (0x77600000-0x7760ffff) axi_i2s_adi_0	axi_interconnect_1

Checking platform address map ...
=====================
Opened log file
=====================
=====================
Opened log file
=====================
Xilinx Platform Studio (XPS)
Xilinx EDK 14.6 Build EDK_P.68d

Xilinx EDK 14.6 Build EDK_P.68d

WARNING:EDK - IPNAME: processing_system7, INSTANCE: processing_system7_0 -
   Pre-Production version not verified on hardware for architecture 'zynq' -
   D:\Developers_KIT\Zynq702\PMOD_AUDIO_PSIIC_ISE\PS\PS.mhs line 37 
WARNING:EDK - IPNAME: processing_system7, INSTANCE: processing_system7_0 -
   Pre-Production version not verified on hardware for architecture 'zynq' -
   D:\Developers_KIT\Zynq702\PMOD_AUDIO_PSIIC_ISE\PS\PS.mhs line 37 

Overriding IP level properties ...
INFO:EDK - IPNAME: processing_system7, INSTANCE:processing_system7_0 - tcl is
   overriding PARAMETER C_NUM_F2P_INTR_INPUTS value to 1 -
   C:\Xilinx\14.6\ISE_DS\EDK\hw\XilinxProcessorIPLib\pcores\processing_system7_v
   4_03_a\data\processing_system7_v2_1_0.mpd line 319 
INFO:EDK - IPNAME: axi_interconnect, INSTANCE:axi_interconnect_1 - tcl is
   overriding PARAMETER C_BASEFAMILY value to zynq -
   C:\Xilinx\14.6\ISE_DS\EDK\hw\XilinxProcessorIPLib\pcores\axi_interconnect_v1_
   06_a\data\axi_interconnect_v2_1_0.mpd line 81 

Computing clock values...
INFO:EDK - Frequency for Top-Level Input Clock 'processing_system7_0_PS_CLK_pin'
   is not specified. Clock DRCs will not be performed for IPs connected to that
   clock port, unless they are connected through the clock generator IP. 

INFO:EDK - Frequency for Top-Level Input Clock 'axi_i2s_adi_0_DATA_CLK_I_pin' is
   not specified. Clock DRCs will not be performed for IPs connected to that
   clock port, unless they are connected through the clock generator IP. 


Performing IP level DRCs on properties...

Running DRC Tcl procedures for OPTION IPLEVEL_DRC_PROC...
INFO:EDK - INFO: DDR Base and High address in current configuration is
   0x00000000 and 0x3FFFFFFF respectively. 
INFO:EDK - INFO: You can modify the DDR address range accessed by Programmable
   Logic through the processing_system7 AXI slave interfaces. If MicroBlaze is a
   master on processing_system7 AXI slave interfaces, please use the top half of
   the address range (Base Address = 0x20000000; High Address = 0x3FFFFFFF). For
   all other master, any subset of the DDR address can be used. See Xilinx
   Answer 47167 for more information. 
Address Map for Processor processing_system7_0
  (0x77600000-0x7760ffff) axi_i2s_adi_0	axi_interconnect_1

Checking platform address map ...

Overriding IP level properties ...
INFO:EDK - IPNAME: processing_system7, INSTANCE:processing_system7_0 - tcl is
   overriding PARAMETER C_NUM_F2P_INTR_INPUTS value to 1 -
   C:\Xilinx\14.6\ISE_DS\EDK\hw\XilinxProcessorIPLib\pcores\processing_system7_v
   4_03_a\data\processing_system7_v2_1_0.mpd line 319 
INFO:EDK - IPNAME: axi_interconnect, INSTANCE:axi_interconnect_1 - tcl is
   overriding PARAMETER C_BASEFAMILY value to zynq -
   C:\Xilinx\14.6\ISE_DS\EDK\hw\XilinxProcessorIPLib\pcores\axi_interconnect_v1_
   06_a\data\axi_interconnect_v2_1_0.mpd line 81 

Computing clock values...
INFO:EDK - Frequency for Top-Level Input Clock 'processing_system7_0_PS_CLK_pin'
   is not specified. Clock DRCs will not be performed for IPs connected to that
   clock port, unless they are connected through the clock generator IP. 

INFO:EDK - Frequency for Top-Level Input Clock 'axi_i2s_adi_0_DATA_CLK_I_pin' is
   not specified. Clock DRCs will not be performed for IPs connected to that
   clock port, unless they are connected through the clock generator IP. 


Performing IP level DRCs on properties...

Running DRC Tcl procedures for OPTION IPLEVEL_DRC_PROC...
INFO:EDK - INFO: DDR Base and High address in current configuration is
   0x00000000 and 0x3FFFFFFF respectively. 
INFO:EDK - INFO: You can modify the DDR address range accessed by Programmable
   Logic through the processing_system7 AXI slave interfaces. If MicroBlaze is a
   master on processing_system7 AXI slave interfaces, please use the top half of
   the address range (Base Address = 0x20000000; High Address = 0x3FFFFFFF). For
   all other master, any subset of the DDR address can be used. See Xilinx
   Answer 47167 for more information. 
Address Map for Processor processing_system7_0
  (0x77600000-0x7760ffff) axi_i2s_adi_0	axi_interconnect_1

Checking platform address map ...
=====================
Opened log file
=====================
=====================
Opened log file
=====================
Xilinx Platform Studio (XPS)
Xilinx EDK 14.6 Build EDK_P.68d

Xilinx EDK 14.6 Build EDK_P.68d

WARNING:EDK - IPNAME: processing_system7, INSTANCE: processing_system7_0 -
   Pre-Production version not verified on hardware for architecture 'zynq' -
   D:\Developers_KIT\Zynq702\PMOD_AUDIO_PSIIC_ISE\PS\PS.mhs line 37 
WARNING:EDK - IPNAME: processing_system7, INSTANCE: processing_system7_0 -
   Pre-Production version not verified on hardware for architecture 'zynq' -
   D:\Developers_KIT\Zynq702\PMOD_AUDIO_PSIIC_ISE\PS\PS.mhs line 37 

Overriding IP level properties ...
INFO:EDK - IPNAME: processing_system7, INSTANCE:processing_system7_0 - tcl is
   overriding PARAMETER C_NUM_F2P_INTR_INPUTS value to 1 -
   C:\Xilinx\14.6\ISE_DS\EDK\hw\XilinxProcessorIPLib\pcores\processing_system7_v
   4_03_a\data\processing_system7_v2_1_0.mpd line 319 
INFO:EDK - IPNAME: axi_interconnect, INSTANCE:axi_interconnect_1 - tcl is
   overriding PARAMETER C_BASEFAMILY value to zynq -
   C:\Xilinx\14.6\ISE_DS\EDK\hw\XilinxProcessorIPLib\pcores\axi_interconnect_v1_
   06_a\data\axi_interconnect_v2_1_0.mpd line 81 

Computing clock values...
INFO:EDK - Frequency for Top-Level Input Clock 'processing_system7_0_PS_CLK_pin'
   is not specified. Clock DRCs will not be performed for IPs connected to that
   clock port, unless they are connected through the clock generator IP. 

INFO:EDK - Frequency for Top-Level Input Clock 'axi_i2s_adi_0_DATA_CLK_I_pin' is
   not specified. Clock DRCs will not be performed for IPs connected to that
   clock port, unless they are connected through the clock generator IP. 


Performing IP level DRCs on properties...

Running DRC Tcl procedures for OPTION IPLEVEL_DRC_PROC...
INFO:EDK - INFO: DDR Base and High address in current configuration is
   0x00000000 and 0x3FFFFFFF respectively. 
INFO:EDK - INFO: You can modify the DDR address range accessed by Programmable
   Logic through the processing_system7 AXI slave interfaces. If MicroBlaze is a
   master on processing_system7 AXI slave interfaces, please use the top half of
   the address range (Base Address = 0x20000000; High Address = 0x3FFFFFFF). For
   all other master, any subset of the DDR address can be used. See Xilinx
   Answer 47167 for more information. 
Address Map for Processor processing_system7_0
  (0x77600000-0x7760ffff) axi_i2s_adi_0	axi_interconnect_1

Checking platform address map ...

Overriding IP level properties ...
INFO:EDK - IPNAME: processing_system7, INSTANCE:processing_system7_0 - tcl is
   overriding PARAMETER C_NUM_F2P_INTR_INPUTS value to 1 -
   C:\Xilinx\14.6\ISE_DS\EDK\hw\XilinxProcessorIPLib\pcores\processing_system7_v
   4_03_a\data\processing_system7_v2_1_0.mpd line 319 
INFO:EDK - IPNAME: axi_interconnect, INSTANCE:axi_interconnect_1 - tcl is
   overriding PARAMETER C_BASEFAMILY value to zynq -
   C:\Xilinx\14.6\ISE_DS\EDK\hw\XilinxProcessorIPLib\pcores\axi_interconnect_v1_
   06_a\data\axi_interconnect_v2_1_0.mpd line 81 

Computing clock values...
INFO:EDK - Frequency for Top-Level Input Clock 'processing_system7_0_PS_CLK_pin'
   is not specified. Clock DRCs will not be performed for IPs connected to that
   clock port, unless they are connected through the clock generator IP. 

INFO:EDK - Frequency for Top-Level Input Clock 'axi_i2s_adi_0_DATA_CLK_I_pin' is
   not specified. Clock DRCs will not be performed for IPs connected to that
   clock port, unless they are connected through the clock generator IP. 


Performing IP level DRCs on properties...

Running DRC Tcl procedures for OPTION IPLEVEL_DRC_PROC...
INFO:EDK - INFO: DDR Base and High address in current configuration is
   0x00000000 and 0x3FFFFFFF respectively. 
INFO:EDK - INFO: You can modify the DDR address range accessed by Programmable
   Logic through the processing_system7 AXI slave interfaces. If MicroBlaze is a
   master on processing_system7 AXI slave interfaces, please use the top half of
   the address range (Base Address = 0x20000000; High Address = 0x3FFFFFFF). For
   all other master, any subset of the DDR address can be used. See Xilinx
   Answer 47167 for more information. 
Address Map for Processor processing_system7_0
  (0x77600000-0x7760ffff) axi_i2s_adi_0	axi_interconnect_1

Checking platform address map ...
=====================
Opened log file
=====================
=====================
Opened log file
=====================
Xilinx Platform Studio (XPS)
Xilinx EDK 14.6 Build EDK_P.68d

Xilinx EDK 14.6 Build EDK_P.68d

WARNING:EDK - IPNAME: processing_system7, INSTANCE: processing_system7_0 -
   Pre-Production version not verified on hardware for architecture 'zynq' -
   D:\Developers_KIT\Zynq702\PMOD_AUDIO_PSIIC_ISE\PS\PS.mhs line 37 
WARNING:EDK - IPNAME: processing_system7, INSTANCE: processing_system7_0 -
   Pre-Production version not verified on hardware for architecture 'zynq' -
   D:\Developers_KIT\Zynq702\PMOD_AUDIO_PSIIC_ISE\PS\PS.mhs line 37 

Overriding IP level properties ...
INFO:EDK - IPNAME: processing_system7, INSTANCE:processing_system7_0 - tcl is
   overriding PARAMETER C_NUM_F2P_INTR_INPUTS value to 1 -
   C:\Xilinx\14.6\ISE_DS\EDK\hw\XilinxProcessorIPLib\pcores\processing_system7_v
   4_03_a\data\processing_system7_v2_1_0.mpd line 319 
INFO:EDK - IPNAME: axi_interconnect, INSTANCE:axi_interconnect_1 - tcl is
   overriding PARAMETER C_BASEFAMILY value to zynq -
   C:\Xilinx\14.6\ISE_DS\EDK\hw\XilinxProcessorIPLib\pcores\axi_interconnect_v1_
   06_a\data\axi_interconnect_v2_1_0.mpd line 81 

Computing clock values...
INFO:EDK - Frequency for Top-Level Input Clock 'processing_system7_0_PS_CLK_pin'
   is not specified. Clock DRCs will not be performed for IPs connected to that
   clock port, unless they are connected through the clock generator IP. 

INFO:EDK - Frequency for Top-Level Input Clock 'axi_i2s_adi_0_DATA_CLK_I_pin' is
   not specified. Clock DRCs will not be performed for IPs connected to that
   clock port, unless they are connected through the clock generator IP. 


Performing IP level DRCs on properties...

Running DRC Tcl procedures for OPTION IPLEVEL_DRC_PROC...
INFO:EDK - INFO: DDR Base and High address in current configuration is
   0x00000000 and 0x3FFFFFFF respectively. 
INFO:EDK - INFO: You can modify the DDR address range accessed by Programmable
   Logic through the processing_system7 AXI slave interfaces. If MicroBlaze is a
   master on processing_system7 AXI slave interfaces, please use the top half of
   the address range (Base Address = 0x20000000; High Address = 0x3FFFFFFF). For
   all other master, any subset of the DDR address can be used. See Xilinx
   Answer 47167 for more information. 
Address Map for Processor processing_system7_0
  (0x77600000-0x7760ffff) axi_i2s_adi_0	axi_interconnect_1

Checking platform address map ...

Overriding IP level properties ...
INFO:EDK - IPNAME: processing_system7, INSTANCE:processing_system7_0 - tcl is
   overriding PARAMETER C_NUM_F2P_INTR_INPUTS value to 1 -
   C:\Xilinx\14.6\ISE_DS\EDK\hw\XilinxProcessorIPLib\pcores\processing_system7_v
   4_03_a\data\processing_system7_v2_1_0.mpd line 319 
INFO:EDK - IPNAME: axi_interconnect, INSTANCE:axi_interconnect_1 - tcl is
   overriding PARAMETER C_BASEFAMILY value to zynq -
   C:\Xilinx\14.6\ISE_DS\EDK\hw\XilinxProcessorIPLib\pcores\axi_interconnect_v1_
   06_a\data\axi_interconnect_v2_1_0.mpd line 81 

Computing clock values...
INFO:EDK - Frequency for Top-Level Input Clock 'processing_system7_0_PS_CLK_pin'
   is not specified. Clock DRCs will not be performed for IPs connected to that
   clock port, unless they are connected through the clock generator IP. 

INFO:EDK - Frequency for Top-Level Input Clock 'axi_i2s_adi_0_DATA_CLK_I_pin' is
   not specified. Clock DRCs will not be performed for IPs connected to that
   clock port, unless they are connected through the clock generator IP. 


Performing IP level DRCs on properties...

Running DRC Tcl procedures for OPTION IPLEVEL_DRC_PROC...
INFO:EDK - INFO: DDR Base and High address in current configuration is
   0x00000000 and 0x3FFFFFFF respectively. 
INFO:EDK - INFO: You can modify the DDR address range accessed by Programmable
   Logic through the processing_system7 AXI slave interfaces. If MicroBlaze is a
   master on processing_system7 AXI slave interfaces, please use the top half of
   the address range (Base Address = 0x20000000; High Address = 0x3FFFFFFF). For
   all other master, any subset of the DDR address can be used. See Xilinx
   Answer 47167 for more information. 
Address Map for Processor processing_system7_0
  (0x77600000-0x7760ffff) axi_i2s_adi_0	axi_interconnect_1

Checking platform address map ...
Xilinx Platform Studio (XPS)
Xilinx EDK 14.6 Build EDK_P.68d
Copyright (c) 1995-2012 Xilinx, Inc.  All rights reserved.

Writing filter settings....
Done writing filter settings to:
	D:\Developers_KIT\Zynq702\xilinx-zynq-zc702-linuxapplication\audio\ISE\PS\etc\PS.filters
Done writing Tab View settings to:
	D:\Developers_KIT\Zynq702\xilinx-zynq-zc702-linuxapplication\audio\ISE\PS\etc\PS.gui
