23:57:34 INFO  : Processing command line option -hwspec D:/Developers_KIT/Zynq702/xilinx-zynq-zc702-linuxapplication/vivado/sdk/system_top.hdf.
23:57:40 INFO  : Launching XSDB server: xsdb.bat -s C:/Xilinx/SDK/2014.4/scripts/xsdb/xsdb/xsdb-server.tcl 2450
23:57:58 INFO  : BSP Project P/standalone_bsp_0 has been successfully migrated.
00:12:09 INFO  : Invoking Bootgen: bootgen -image output.bif -o D:\Developers_KIT\Zynq702\xilinx-zynq-zc702-linuxapplication\vivado\bootimage\BOOT.bin
00:12:09 INFO  : Creating new bif file D:\Developers_KIT\Zynq702\xilinx-zynq-zc702-linuxapplication\vivado\bootimage\output.bif
00:12:09 INFO  : Bootgen command execution is done.
00:16:12 INFO  : Invoking Bootgen: bootgen -image fsbl.bif -o D:\Developers_KIT\Zynq702\xilinx-zynq-zc702-linuxapplication\vivado\sdk\workspace\fsbl\bootimage\BOOT.bin
00:16:12 INFO  : Creating new bif file D:\Developers_KIT\Zynq702\xilinx-zynq-zc702-linuxapplication\vivado\sdk\workspace\fsbl\bootimage\fsbl.bif
00:16:12 INFO  : Bootgen command execution is done.
00:21:49 INFO  : Invoking Bootgen: bootgen -image fsbl.bif -o D:\Developers_KIT\Zynq702\xilinx-zynq-zc702-linuxapplication\vivado\sdk\workspace\fsbl\bootimage\BOOT.bin -w on
00:21:49 INFO  : Overwriting existing bif file D:\Developers_KIT\Zynq702\xilinx-zynq-zc702-linuxapplication\vivado\sdk\workspace\fsbl\bootimage\fsbl.bif
00:21:49 INFO  : Bootgen command execution is done.
00:29:42 INFO  : Invoking Bootgen: bootgen -image output.bif -o D:\Developers_KIT\Zynq702\xilinx-zynq-zc702-linuxapplication\vivado\bootimage\BOOT.bin -w on
00:29:42 INFO  : Overwriting existing bif file D:\Developers_KIT\Zynq702\xilinx-zynq-zc702-linuxapplication\vivado\bootimage\output.bif
00:29:43 INFO  : Bootgen command execution is done.
10:29:33 INFO  : Processing command line option -hwspec D:/Developers_KIT/Zynq702/xilinx-zynq-zc702-linuxapplication/vivado/project_1.sdk/system_top.hdf.
10:29:35 INFO  : Launching XSDB server: xsdb.bat -s C:/Xilinx/SDK/2014.4/scripts/xsdb/xsdb/xsdb-server.tcl 2450
10:32:43 INFO  : Launching XSDB server: xsdb.bat -s C:/Xilinx/SDK/2014.4/scripts/xsdb/xsdb/xsdb-server.tcl 2450
10:33:08 WARN  :  [Hsi 55-1559] Software Design already exists with Name D:\Developers_KIT\Zynq702\xilinx-zynq-zc702-linuxapplication\vivado\sdk\workspace\standalone_bsp_0\system.mss
10:33:08 WARN  :  [Hsi 55-1559] Software Design already exists with Name D:\Developers_KIT\Zynq702\xilinx-zynq-zc702-linuxapplication\vivado\sdk\workspace\standalone_bsp_0\system.mss
10:33:08 WARN  :  [Hsi 55-1559] Software Design already exists with Name D:\Developers_KIT\Zynq702\xilinx-zynq-zc702-linuxapplication\vivado\sdk\workspace\standalone_bsp_0\system.mss
 [Hsi 55-1559] Software Design already exists with Name D:\Developers_KIT\Zynq702\xilinx-zynq-zc702-linuxapplication\vivado\sdk\workspace\standalone_bsp_0\system.mss
10:33:08 WARN  :  [Hsi 55-1559] Software Design already exists with Name D:\Developers_KIT\Zynq702\xilinx-zynq-zc702-linuxapplication\vivado\sdk\workspace\standalone_bsp_0\system.mss
10:33:08 WARN  :  [Hsi 55-1559] Software Design already exists with Name D:\Developers_KIT\Zynq702\xilinx-zynq-zc702-linuxapplication\vivado\sdk\workspace\standalone_bsp_0\system.mss
10:33:08 WARN  :  [Hsi 55-1559] Software Design already exists with Name D:\Developers_KIT\Zynq702\xilinx-zynq-zc702-linuxapplication\vivado\sdk\workspace\standalone_bsp_0\system.mss
10:33:08 WARN  :  [Hsi 55-1559] Software Design already exists with Name D:\Developers_KIT\Zynq702\xilinx-zynq-zc702-linuxapplication\vivado\sdk\workspace\standalone_bsp_0\system.mss
10:33:27 WARN  :  [Hsi 55-1559] Software Design already exists with Name D:\Developers_KIT\Zynq702\xilinx-zynq-zc702-linuxapplication\vivado\sdk\workspace\standalone_bsp_0\system.mss
10:33:27 WARN  :  [Hsi 55-1559] Software Design already exists with Name D:\Developers_KIT\Zynq702\xilinx-zynq-zc702-linuxapplication\vivado\sdk\workspace\standalone_bsp_0\system.mss
10:33:27 WARN  :  [Hsi 55-1559] Software Design already exists with Name D:\Developers_KIT\Zynq702\xilinx-zynq-zc702-linuxapplication\vivado\sdk\workspace\standalone_bsp_0\system.mss
10:33:27 WARN  :  [Hsi 55-1559] Software Design already exists with Name D:\Developers_KIT\Zynq702\xilinx-zynq-zc702-linuxapplication\vivado\sdk\workspace\standalone_bsp_0\system.mss
 [Hsi 55-1559] Software Design already exists with Name D:\Developers_KIT\Zynq702\xilinx-zynq-zc702-linuxapplication\vivado\sdk\workspace\standalone_bsp_0\system.mss
10:33:33 WARN  :  [Hsi 55-1559] Software Design already exists with Name D:\Developers_KIT\Zynq702\xilinx-zynq-zc702-linuxapplication\vivado\sdk\workspace\standalone_bsp_0\system.mss
10:33:33 WARN  :  [Hsi 55-1559] Software Design already exists with Name D:\Developers_KIT\Zynq702\xilinx-zynq-zc702-linuxapplication\vivado\sdk\workspace\standalone_bsp_0\system.mss
10:33:33 WARN  :  [Hsi 55-1559] Software Design already exists with Name D:\Developers_KIT\Zynq702\xilinx-zynq-zc702-linuxapplication\vivado\sdk\workspace\standalone_bsp_0\system.mss
10:33:33 WARN  :  [Hsi 55-1559] Software Design already exists with Name D:\Developers_KIT\Zynq702\xilinx-zynq-zc702-linuxapplication\vivado\sdk\workspace\standalone_bsp_0\system.mss
 [Hsi 55-1559] Software Design already exists with Name D:\Developers_KIT\Zynq702\xilinx-zynq-zc702-linuxapplication\vivado\sdk\workspace\standalone_bsp_0\system.mss
10:36:35 INFO  : Launching XSDB server: xsdb.bat -s C:/Xilinx/SDK/2014.4/scripts/xsdb/xsdb/xsdb-server.tcl 2450
10:36:42 WARN  :  [Hsi 55-1559] Software Design already exists with Name D:\Developers_KIT\Zynq702\xilinx-zynq-zc702-linuxapplication\vivado\sdk\workspace\standalone_bsp_0\system.mss
10:36:42 WARN  :  [Hsi 55-1559] Software Design already exists with Name D:\Developers_KIT\Zynq702\xilinx-zynq-zc702-linuxapplication\vivado\sdk\workspace\standalone_bsp_0\system.mss
10:36:42 WARN  :  [Hsi 55-1559] Software Design already exists with Name D:\Developers_KIT\Zynq702\xilinx-zynq-zc702-linuxapplication\vivado\sdk\workspace\standalone_bsp_0\system.mss
 [Hsi 55-1559] Software Design already exists with Name D:\Developers_KIT\Zynq702\xilinx-zynq-zc702-linuxapplication\vivado\sdk\workspace\standalone_bsp_0\system.mss
10:37:03 WARN  :  [Hsi 55-1559] Software Design already exists with Name D:\Developers_KIT\Zynq702\xilinx-zynq-zc702-linuxapplication\vivado\sdk\workspace\standalone_bsp_0\system.mss
10:37:03 WARN  :  [Hsi 55-1559] Software Design already exists with Name D:\Developers_KIT\Zynq702\xilinx-zynq-zc702-linuxapplication\vivado\sdk\workspace\standalone_bsp_0\system.mss
10:37:03 WARN  :  [Hsi 55-1559] Software Design already exists with Name D:\Developers_KIT\Zynq702\xilinx-zynq-zc702-linuxapplication\vivado\sdk\workspace\standalone_bsp_0\system.mss
10:37:03 WARN  :  [Hsi 55-1559] Software Design already exists with Name D:\Developers_KIT\Zynq702\xilinx-zynq-zc702-linuxapplication\vivado\sdk\workspace\standalone_bsp_0\system.mss
 [Hsi 55-1559] Software Design already exists with Name D:\Developers_KIT\Zynq702\xilinx-zynq-zc702-linuxapplication\vivado\sdk\workspace\standalone_bsp_0\system.mss
10:37:40 WARN  :  [Hsi 55-1559] Software Design already exists with Name D:\Developers_KIT\Zynq702\xilinx-zynq-zc702-linuxapplication\vivado\sdk\workspace\standalone_bsp_0\system.mss
10:37:40 WARN  :  [Hsi 55-1559] Software Design already exists with Name D:\Developers_KIT\Zynq702\xilinx-zynq-zc702-linuxapplication\vivado\sdk\workspace\standalone_bsp_0\system.mss
10:37:40 WARN  :  [Hsi 55-1559] Software Design already exists with Name D:\Developers_KIT\Zynq702\xilinx-zynq-zc702-linuxapplication\vivado\sdk\workspace\standalone_bsp_0\system.mss
10:37:40 WARN  :  [Hsi 55-1559] Software Design already exists with Name D:\Developers_KIT\Zynq702\xilinx-zynq-zc702-linuxapplication\vivado\sdk\workspace\standalone_bsp_0\system.mss
 [Hsi 55-1559] Software Design already exists with Name D:\Developers_KIT\Zynq702\xilinx-zynq-zc702-linuxapplication\vivado\sdk\workspace\standalone_bsp_0\system.mss
10:37:40 WARN  :  [Hsi 55-1559] Software Design already exists with Name D:\Developers_KIT\Zynq702\xilinx-zynq-zc702-linuxapplication\vivado\sdk\workspace\standalone_bsp_0\system.mss
10:37:40 WARN  :  [Hsi 55-1559] Software Design already exists with Name D:\Developers_KIT\Zynq702\xilinx-zynq-zc702-linuxapplication\vivado\sdk\workspace\standalone_bsp_0\system.mss
10:37:40 WARN  :  [Hsi 55-1559] Software Design already exists with Name D:\Developers_KIT\Zynq702\xilinx-zynq-zc702-linuxapplication\vivado\sdk\workspace\standalone_bsp_0\system.mss
10:37:40 WARN  :  [Hsi 55-1559] Software Design already exists with Name D:\Developers_KIT\Zynq702\xilinx-zynq-zc702-linuxapplication\vivado\sdk\workspace\standalone_bsp_0\system.mss
 [Hsi 55-1559] Software Design already exists with Name D:\Developers_KIT\Zynq702\xilinx-zynq-zc702-linuxapplication\vivado\sdk\workspace\standalone_bsp_0\system.mss
10:37:44 WARN  :  [Hsi 55-1559] Software Design already exists with Name D:\Developers_KIT\Zynq702\xilinx-zynq-zc702-linuxapplication\vivado\sdk\workspace\standalone_bsp_0\system.mss
10:37:44 WARN  :  [Hsi 55-1559] Software Design already exists with Name D:\Developers_KIT\Zynq702\xilinx-zynq-zc702-linuxapplication\vivado\sdk\workspace\standalone_bsp_0\system.mss
10:37:44 WARN  :  [Hsi 55-1559] Software Design already exists with Name D:\Developers_KIT\Zynq702\xilinx-zynq-zc702-linuxapplication\vivado\sdk\workspace\standalone_bsp_0\system.mss
10:37:44 WARN  :  [Hsi 55-1559] Software Design already exists with Name D:\Developers_KIT\Zynq702\xilinx-zynq-zc702-linuxapplication\vivado\sdk\workspace\standalone_bsp_0\system.mss
 [Hsi 55-1559] Software Design already exists with Name D:\Developers_KIT\Zynq702\xilinx-zynq-zc702-linuxapplication\vivado\sdk\workspace\standalone_bsp_0\system.mss
10:37:44 WARN  :  [Hsi 55-1559] Software Design already exists with Name D:\Developers_KIT\Zynq702\xilinx-zynq-zc702-linuxapplication\vivado\sdk\workspace\standalone_bsp_0\system.mss
10:37:51 WARN  :  [Hsi 55-1559] Software Design already exists with Name D:\Developers_KIT\Zynq702\xilinx-zynq-zc702-linuxapplication\vivado\sdk\workspace\standalone_bsp_0\system.mss
10:37:51 WARN  :  [Hsi 55-1559] Software Design already exists with Name D:\Developers_KIT\Zynq702\xilinx-zynq-zc702-linuxapplication\vivado\sdk\workspace\standalone_bsp_0\system.mss
10:37:51 WARN  :  [Hsi 55-1559] Software Design already exists with Name D:\Developers_KIT\Zynq702\xilinx-zynq-zc702-linuxapplication\vivado\sdk\workspace\standalone_bsp_0\system.mss
10:37:51 WARN  :  [Hsi 55-1559] Software Design already exists with Name D:\Developers_KIT\Zynq702\xilinx-zynq-zc702-linuxapplication\vivado\sdk\workspace\standalone_bsp_0\system.mss
 [Hsi 55-1559] Software Design already exists with Name D:\Developers_KIT\Zynq702\xilinx-zynq-zc702-linuxapplication\vivado\sdk\workspace\standalone_bsp_0\system.mss
10:37:52 WARN  :  [Hsi 55-1559] Software Design already exists with Name D:\Developers_KIT\Zynq702\xilinx-zynq-zc702-linuxapplication\vivado\sdk\workspace\standalone_bsp_0\system.mss
10:37:52 WARN  :  [Hsi 55-1559] Software Design already exists with Name D:\Developers_KIT\Zynq702\xilinx-zynq-zc702-linuxapplication\vivado\sdk\workspace\standalone_bsp_0\system.mss
10:37:52 WARN  :  [Hsi 55-1559] Software Design already exists with Name D:\Developers_KIT\Zynq702\xilinx-zynq-zc702-linuxapplication\vivado\sdk\workspace\standalone_bsp_0\system.mss
10:37:52 WARN  :  [Hsi 55-1559] Software Design already exists with Name D:\Developers_KIT\Zynq702\xilinx-zynq-zc702-linuxapplication\vivado\sdk\workspace\standalone_bsp_0\system.mss
 [Hsi 55-1559] Software Design already exists with Name D:\Developers_KIT\Zynq702\xilinx-zynq-zc702-linuxapplication\vivado\sdk\workspace\standalone_bsp_0\system.mss
10:37:52 WARN  :  [Hsi 55-1559] Software Design already exists with Name D:\Developers_KIT\Zynq702\xilinx-zynq-zc702-linuxapplication\vivado\sdk\workspace\standalone_bsp_0\system.mss
10:37:52 WARN  :  [Hsi 55-1559] Software Design already exists with Name D:\Developers_KIT\Zynq702\xilinx-zynq-zc702-linuxapplication\vivado\sdk\workspace\standalone_bsp_0\system.mss
10:37:52 WARN  :  [Hsi 55-1559] Software Design already exists with Name D:\Developers_KIT\Zynq702\xilinx-zynq-zc702-linuxapplication\vivado\sdk\workspace\standalone_bsp_0\system.mss
10:37:52 WARN  :  [Hsi 55-1559] Software Design already exists with Name D:\Developers_KIT\Zynq702\xilinx-zynq-zc702-linuxapplication\vivado\sdk\workspace\standalone_bsp_0\system.mss
 [Hsi 55-1559] Software Design already exists with Name D:\Developers_KIT\Zynq702\xilinx-zynq-zc702-linuxapplication\vivado\sdk\workspace\standalone_bsp_0\system.mss
10:37:52 WARN  :  [Hsi 55-1559] Software Design already exists with Name D:\Developers_KIT\Zynq702\xilinx-zynq-zc702-linuxapplication\vivado\sdk\workspace\standalone_bsp_0\system.mss
10:38:20 WARN  :  [Hsi 55-1559] Software Design already exists with Name D:\Developers_KIT\Zynq702\xilinx-zynq-zc702-linuxapplication\vivado\sdk\workspace\standalone_bsp_0\system.mss
10:38:20 WARN  :  [Hsi 55-1559] Software Design already exists with Name D:\Developers_KIT\Zynq702\xilinx-zynq-zc702-linuxapplication\vivado\sdk\workspace\standalone_bsp_0\system.mss
10:38:20 WARN  :  [Hsi 55-1559] Software Design already exists with Name D:\Developers_KIT\Zynq702\xilinx-zynq-zc702-linuxapplication\vivado\sdk\workspace\standalone_bsp_0\system.mss
10:38:20 WARN  :  [Hsi 55-1559] Software Design already exists with Name D:\Developers_KIT\Zynq702\xilinx-zynq-zc702-linuxapplication\vivado\sdk\workspace\standalone_bsp_0\system.mss
 [Hsi 55-1559] Software Design already exists with Name D:\Developers_KIT\Zynq702\xilinx-zynq-zc702-linuxapplication\vivado\sdk\workspace\standalone_bsp_0\system.mss
10:38:20 WARN  :  [Hsi 55-1559] Software Design already exists with Name D:\Developers_KIT\Zynq702\xilinx-zynq-zc702-linuxapplication\vivado\sdk\workspace\standalone_bsp_0\system.mss
10:38:20 WARN  :  [Hsi 55-1559] Software Design already exists with Name D:\Developers_KIT\Zynq702\xilinx-zynq-zc702-linuxapplication\vivado\sdk\workspace\standalone_bsp_0\system.mss
10:38:20 WARN  :  [Hsi 55-1559] Software Design already exists with Name D:\Developers_KIT\Zynq702\xilinx-zynq-zc702-linuxapplication\vivado\sdk\workspace\standalone_bsp_0\system.mss
10:38:20 WARN  :  [Hsi 55-1559] Software Design already exists with Name D:\Developers_KIT\Zynq702\xilinx-zynq-zc702-linuxapplication\vivado\sdk\workspace\standalone_bsp_0\system.mss
10:38:20 WARN  :  [Hsi 55-1559] Software Design already exists with Name D:\Developers_KIT\Zynq702\xilinx-zynq-zc702-linuxapplication\vivado\sdk\workspace\standalone_bsp_0\system.mss
10:38:20 WARN  :  [Hsi 55-1559] Software Design already exists with Name D:\Developers_KIT\Zynq702\xilinx-zynq-zc702-linuxapplication\vivado\sdk\workspace\standalone_bsp_0\system.mss
10:38:20 WARN  :  [Hsi 55-1559] Software Design already exists with Name D:\Developers_KIT\Zynq702\xilinx-zynq-zc702-linuxapplication\vivado\sdk\workspace\standalone_bsp_0\system.mss
10:38:20 WARN  :  [Hsi 55-1559] Software Design already exists with Name D:\Developers_KIT\Zynq702\xilinx-zynq-zc702-linuxapplication\vivado\sdk\workspace\standalone_bsp_0\system.mss
 [Hsi 55-1559] Software Design already exists with Name D:\Developers_KIT\Zynq702\xilinx-zynq-zc702-linuxapplication\vivado\sdk\workspace\standalone_bsp_0\system.mss
10:38:30 WARN  :  [Hsi 55-1559] Software Design already exists with Name D:\Developers_KIT\Zynq702\xilinx-zynq-zc702-linuxapplication\vivado\sdk\workspace\standalone_bsp_0\system.mss
10:38:30 WARN  :  [Hsi 55-1559] Software Design already exists with Name D:\Developers_KIT\Zynq702\xilinx-zynq-zc702-linuxapplication\vivado\sdk\workspace\standalone_bsp_0\system.mss
10:38:30 WARN  :  [Hsi 55-1559] Software Design already exists with Name D:\Developers_KIT\Zynq702\xilinx-zynq-zc702-linuxapplication\vivado\sdk\workspace\standalone_bsp_0\system.mss
10:38:30 WARN  :  [Hsi 55-1559] Software Design already exists with Name D:\Developers_KIT\Zynq702\xilinx-zynq-zc702-linuxapplication\vivado\sdk\workspace\standalone_bsp_0\system.mss
 [Hsi 55-1559] Software Design already exists with Name D:\Developers_KIT\Zynq702\xilinx-zynq-zc702-linuxapplication\vivado\sdk\workspace\standalone_bsp_0\system.mss
10:39:05 WARN  :  [Hsi 55-1559] Software Design already exists with Name D:\Developers_KIT\Zynq702\xilinx-zynq-zc702-linuxapplication\vivado\sdk\workspace\standalone_bsp_0\system.mss
10:39:05 WARN  :  [Hsi 55-1559] Software Design already exists with Name D:\Developers_KIT\Zynq702\xilinx-zynq-zc702-linuxapplication\vivado\sdk\workspace\standalone_bsp_0\system.mss
10:39:05 WARN  :  [Hsi 55-1559] Software Design already exists with Name D:\Developers_KIT\Zynq702\xilinx-zynq-zc702-linuxapplication\vivado\sdk\workspace\standalone_bsp_0\system.mss
10:39:05 WARN  :  [Hsi 55-1559] Software Design already exists with Name D:\Developers_KIT\Zynq702\xilinx-zynq-zc702-linuxapplication\vivado\sdk\workspace\standalone_bsp_0\system.mss
 [Hsi 55-1559] Software Design already exists with Name D:\Developers_KIT\Zynq702\xilinx-zynq-zc702-linuxapplication\vivado\sdk\workspace\standalone_bsp_0\system.mss
10:53:53 INFO  : Launching XSDB server: xsdb.bat -s C:/Xilinx/SDK/2014.4/scripts/xsdb/xsdb/xsdb-server.tcl 2450
10:55:18 INFO  : Invoking Bootgen: bootgen -image output.bif -o D:\Developers_KIT\Zynq702\xilinx-zynq-zc702-linuxapplication\vivado\bootimage\BOOT.bin -w on
10:55:18 INFO  : Overwriting existing bif file D:\Developers_KIT\Zynq702\xilinx-zynq-zc702-linuxapplication\vivado\bootimage\output.bif
10:55:19 INFO  : Bootgen command execution is done.
21:16:49 INFO  : Launching XSDB server: xsdb.bat -s C:/Xilinx/SDK/2014.4/scripts/xsdb/xsdb/xsdb-server.tcl 2450
21:17:12 INFO  : Invoking Bootgen: bootgen -image output.bif -o D:\Developers_KIT\Zynq702\xilinx-zynq-zc702-linuxapplication\vivado\bootimage\BOOT.bin -w on
21:17:13 INFO  : Bootgen command execution is done.
21:22:09 INFO  : Invoking Bootgen: bootgen -image output.bif -o D:\Developers_KIT\Zynq702\xilinx-zynq-zc702-linuxapplication\vivado\bootimage\BOOT.bin -w on
21:22:10 INFO  : Bootgen command execution is done.
10:30:59 INFO  : Launching XSDB server: xsdb.bat -s C:/Xilinx/SDK/2014.4/scripts/xsdb/xsdb/xsdb-server.tcl 2450
10:32:22 INFO  : Invoking Bootgen: bootgen -image output.bif -o D:\Developers_KIT\Zynq702\xilinx-zynq-zc702-linuxapplication\vivado\bootimage\BOOT.bin -w on
10:32:23 INFO  : Bootgen command execution is done.
10:55:13 INFO  : Invoking Bootgen: bootgen -image output.bif -o D:\Developers_KIT\Zynq702\xilinx-zynq-zc702-linuxapplication\vivado\bootimage\BOOT.bin -w on
10:55:13 INFO  : Bootgen command execution is done.
23:30:35 INFO  : Launching XSDB server: xsdb.bat -s C:/Xilinx/SDK/2014.4/scripts/xsdb/xsdb/xsdb-server.tcl 2450
23:32:32 INFO  : Invoking Bootgen: bootgen -image output.bif -o D:\Developers_KIT\Zynq702\xilinx-zynq-zc702-linuxapplication\vivado\bootimage\BOOT.bin -w on
23:32:32 INFO  : Bootgen command execution is done.
23:34:36 INFO  : Launching XSDB server: xsdb.bat -s C:/Xilinx/SDK/2014.4/scripts/xsdb/xsdb/xsdb-server.tcl 2450
23:37:05 INFO  : Invoking Bootgen: bootgen -image output.bif -o D:\Developers_KIT\Zynq702\xilinx-zynq-zc702-linuxapplication\vivado\bootimage\BOOT.bin -w on
23:37:05 INFO  : Bootgen command execution is done.
18:18:26 INFO  : Launching XSDB server: xsdb.bat -s C:/Xilinx/SDK/2014.4/scripts/xsdb/xsdb/xsdb-server.tcl 2450
18:20:03 INFO  : Invoking Bootgen: bootgen -image output.bif -o D:\Developers_KIT\Zynq702\xilinx-zynq-zc702-linuxapplication\bootimage\BOOT.bin -w on
18:20:03 INFO  : Overwriting existing bif file D:\Developers_KIT\Zynq702\xilinx-zynq-zc702-linuxapplication\bootimage\output.bif
18:20:03 INFO  : Bootgen command execution is done.
